2023-11-25 10:54:32.941 [info] Log level: Info
2023-11-25 10:54:32.941 [info] Validating found git in: "git"
2023-11-25 10:54:32.941 [info] Using git "2.25.1" from "git"
2023-11-25 10:54:32.941 [info] > git rev-parse --show-toplevel [2ms]
2023-11-25 10:54:32.941 [info] > git rev-parse --git-dir --git-common-dir [3ms]
2023-11-25 10:54:32.942 [info] Open repository: /home/gymuser
2023-11-25 10:54:32.948 [info] > git config --get commit.template [14ms]
2023-11-25 10:54:32.953 [info] > git rev-parse --show-toplevel [12ms]
2023-11-25 10:54:32.969 [info] > git for-each-ref --format=%(refname)%00%(upstream:short)%00%(objectname)%00%(upstream:track)%00%(upstream:remotename)%00%(upstream:remoteref) refs/heads/master refs/remotes/master [9ms]
2023-11-25 10:54:32.980 [info] > git rev-parse --git-dir --git-common-dir [12ms]
2023-11-25 10:54:32.983 [info] Open repository: /home/gymuser/legged_gym
2023-11-25 10:54:33.000 [info] > git rev-parse --show-toplevel [4ms]
2023-11-25 10:54:33.001 [info] > git config --get commit.template [10ms]
2023-11-25 10:54:33.014 [info] No remotes found in the git config file.
2023-11-25 10:54:33.014 [info] > git rev-parse --show-toplevel [7ms]
2023-11-25 10:54:33.015 [info] > git for-each-ref --format=%(refname)%00%(upstream:short)%00%(objectname)%00%(upstream:track)%00%(upstream:remotename)%00%(upstream:remoteref) refs/heads/master refs/remotes/master [1ms]
2023-11-25 10:54:33.029 [info] > git status -z -uall [8ms]
2023-11-25 10:54:33.045 [info] > git rev-parse --show-toplevel [17ms]
2023-11-25 10:54:33.052 [info] > git config --get commit.template [8ms]
2023-11-25 10:54:33.058 [info] No remotes found in the git config file.
2023-11-25 10:54:33.058 [info] > git rev-parse --show-toplevel [7ms]
2023-11-25 10:54:33.065 [info] > git for-each-ref --format=%(refname)%00%(upstream:short)%00%(objectname)%00%(upstream:track)%00%(upstream:remotename)%00%(upstream:remoteref) refs/heads/master refs/remotes/master [7ms]
2023-11-25 10:54:33.072 [info] > git rev-parse --show-toplevel [7ms]
2023-11-25 10:54:33.079 [info] > git status -z -uall [7ms]
2023-11-25 10:54:33.105 [info] > git rev-parse --show-toplevel [27ms]
2023-11-25 10:54:33.115 [info] > git rev-parse --show-toplevel [3ms]
2023-11-25 10:54:33.127 [info] > git rev-parse --show-toplevel [3ms]
2023-11-25 10:54:33.140 [info] > git status -z -uall [164ms] (cancelled)
2023-11-25 10:54:33.140 [info] > git rev-parse --git-dir --git-common-dir [2ms]
2023-11-25 10:54:33.143 [info] Open repository: /home/gymuser/rsl_rl
2023-11-25 10:54:33.158 [info] > git config --get commit.template [7ms]
2023-11-25 10:54:33.159 [info] > git for-each-ref --format=%(refname)%00%(upstream:short)%00%(objectname)%00%(upstream:track)%00%(upstream:remotename)%00%(upstream:remoteref) refs/heads/master refs/remotes/master [2ms]
2023-11-25 10:54:33.168 [info] > git status -z -uall [2ms]
2023-11-25 10:54:33.186 [info] > git config --get commit.template [7ms]
2023-11-25 10:54:33.187 [info] > git for-each-ref --format=%(refname)%00%(upstream:short)%00%(objectname)%00%(upstream:track)%00%(upstream:remotename)%00%(upstream:remoteref) refs/heads/master refs/remotes/master [2ms]
2023-11-25 10:54:33.195 [info] > git status -z -uall [2ms]
2023-11-25 10:54:33.833 [info] > git show --textconv :play.sh [9ms]
2023-11-25 10:54:33.834 [info] > git ls-files --stage -- /home/gymuser/legged_gym/play.sh [2ms]
2023-11-25 10:54:33.934 [info] > git check-ignore -v -z --stdin [16ms]
2023-11-25 10:54:33.940 [info] > git check-ignore -v -z --stdin [15ms]
2023-11-25 10:54:33.941 [info] > git check-ignore -v -z --stdin [8ms]
2023-11-25 10:54:38.970 [info] > git for-each-ref --format=%(refname)%00%(upstream:short)%00%(objectname)%00%(upstream:track)%00%(upstream:remotename)%00%(upstream:remoteref) refs/heads/master refs/remotes/master [5ms]
2023-11-25 10:54:38.970 [info] > git config --get commit.template [14ms]
2023-11-25 10:54:39.652 [info] > git status -z -uall [672ms] (cancelled)
