2023-11-25 10:44:24.619 [info] Log level: Info
2023-11-25 10:44:24.619 [info] Validating found git in: "git"
2023-11-25 10:44:24.619 [info] Using git "2.25.1" from "git"
2023-11-25 10:44:24.619 [info] > git rev-parse --show-toplevel [31ms]
2023-11-25 10:44:24.654 [info] > git rev-parse --git-dir --git-common-dir [12ms]
2023-11-25 10:44:24.664 [info] Open repository: /home/gymuser
2023-11-25 10:44:24.693 [info] > git config --get commit.template [16ms]
2023-11-25 10:44:24.694 [info] > git rev-parse --show-toplevel [6ms]
2023-11-25 10:44:24.719 [info] > git for-each-ref --format=%(refname)%00%(upstream:short)%00%(objectname)%00%(upstream:track)%00%(upstream:remotename)%00%(upstream:remoteref) refs/heads/master refs/remotes/master [12ms]
2023-11-25 10:44:24.739 [info] > git rev-parse --git-dir --git-common-dir [21ms]
2023-11-25 10:44:24.742 [info] Open repository: /home/gymuser/legged_gym
2023-11-25 10:44:24.767 [info] > git config --get commit.template [14ms]
2023-11-25 10:44:24.769 [info] > git rev-parse --show-toplevel [5ms]
2023-11-25 10:44:24.780 [info] No remotes found in the git config file.
2023-11-25 10:44:24.810 [info] > git log --format=%H%n%aN%n%aE%n%at%n%ct%n%P%n%D%n%B -z -n120 -- /home/gymuser/legged_gym/legged_gym/scripts/play.py [17ms]
2023-11-25 10:44:24.849 [info] > git for-each-ref --format=%(refname)%00%(upstream:short)%00%(objectname)%00%(upstream:track)%00%(upstream:remotename)%00%(upstream:remoteref) refs/heads/master refs/remotes/master [70ms]
2023-11-25 10:44:24.861 [info] > git rev-parse --show-toplevel [57ms]
2023-11-25 10:44:24.873 [info] > git status -z -uall [14ms]
2023-11-25 10:44:24.893 [info] > git rev-parse --show-toplevel [21ms]
2023-11-25 10:44:24.912 [info] > git rev-parse --show-toplevel [7ms]
2023-11-25 10:44:24.912 [info] > git config --get commit.template [19ms]
2023-11-25 10:44:24.923 [info] No remotes found in the git config file.
2023-11-25 10:44:24.936 [info] > git rev-parse --show-toplevel [4ms]
2023-11-25 10:44:24.936 [info] > git for-each-ref --format=%(refname)%00%(upstream:short)%00%(objectname)%00%(upstream:track)%00%(upstream:remotename)%00%(upstream:remoteref) refs/heads/master refs/remotes/master [13ms]
2023-11-25 10:44:24.963 [info] > git status -z -uall [233ms] (cancelled)
2023-11-25 10:44:24.963 [info] > git status -z -uall [16ms]
2023-11-25 10:44:24.966 [info] > git rev-parse --show-toplevel [6ms]
2023-11-25 10:44:24.978 [info] > git rev-parse --show-toplevel [2ms]
2023-11-25 10:44:24.989 [info] > git rev-parse --show-toplevel [1ms]
2023-11-25 10:44:25.001 [info] > git rev-parse --git-dir --git-common-dir [2ms]
2023-11-25 10:44:25.003 [info] Open repository: /home/gymuser/rsl_rl
2023-11-25 10:44:25.019 [info] > git config --get commit.template [5ms]
2023-11-25 10:44:25.031 [info] > git for-each-ref --format=%(refname)%00%(upstream:short)%00%(objectname)%00%(upstream:track)%00%(upstream:remotename)%00%(upstream:remoteref) refs/heads/master refs/remotes/master [2ms]
2023-11-25 10:44:25.044 [info] > git status -z -uall [2ms]
2023-11-25 10:44:25.098 [info] > git for-each-ref --format=%(refname)%00%(upstream:short)%00%(objectname)%00%(upstream:track)%00%(upstream:remotename)%00%(upstream:remoteref) refs/heads/master refs/remotes/master [29ms]
2023-11-25 10:44:25.098 [info] > git config --get commit.template [40ms]
2023-11-25 10:44:25.110 [info] > git status -z -uall [2ms]
2023-11-25 10:44:25.446 [info] > git show --textconv :legged_gym/scripts/play.py [13ms]
2023-11-25 10:44:25.447 [info] > git ls-files --stage -- /home/gymuser/legged_gym/legged_gym/scripts/play.py [2ms]
2023-11-25 10:44:25.553 [info] > git check-ignore -v -z --stdin [23ms]
2023-11-25 10:44:25.557 [info] > git check-ignore -v -z --stdin [16ms]
2023-11-25 10:44:25.558 [info] > git check-ignore -v -z --stdin [6ms]
2023-11-25 10:44:25.560 [info] > git rev-list --count a0ae0f9910957ad826e843d902835f4cfd61ca70.. -- /home/gymuser/legged_gym/legged_gym/scripts/play.py [41ms]
2023-11-25 10:44:25.560 [info] fatal: bad revision 'a0ae0f9910957ad826e843d902835f4cfd61ca70..'
2023-11-25 10:44:25.573 [info] > git log --format=%H%n%aN%n%aE%n%at%n%ct%n%P%n%D%n%B -z -- /home/gymuser/legged_gym/legged_gym/scripts/play.py [2ms]
2023-11-25 10:44:25.573 [info] fatal: your current branch 'master' does not have any commits yet
2023-11-25 10:46:39.894 [info] > git check-ignore -v -z --stdin [1ms]
2023-11-25 10:46:44.320 [info] > git check-ignore -v -z --stdin [2ms]
2023-11-25 10:46:46.750 [info] > git log --format=%H%n%aN%n%aE%n%at%n%ct%n%P%n%D%n%B -z -n184 -- /home/gymuser/legged_gym/legged_gym/scripts/play.py [2ms]
2023-11-25 10:46:46.750 [info] fatal: your current branch 'master' does not have any commits yet
2023-11-25 10:46:48.180 [info] > git log --format=%H%n%aN%n%aE%n%at%n%ct%n%P%n%D%n%B -z -n184 -- /home/gymuser/legged_gym/legged_gym/scripts/play.py [2ms]
2023-11-25 10:46:48.180 [info] fatal: your current branch 'master' does not have any commits yet
2023-11-25 10:46:59.148 [info] > git for-each-ref --sort -committerdate --format %(refname) %(objectname) %(*objectname) [1ms]
2023-11-25 10:47:04.875 [info] > git check-ignore -v -z --stdin [1ms]
2023-11-25 10:47:09.725 [info] > git log --format=%H%n%aN%n%aE%n%at%n%ct%n%P%n%D%n%B -z -n184 -- /home/gymuser/legged_gym/legged_gym/scripts/play.py [2ms]
2023-11-25 10:47:09.725 [info] fatal: your current branch 'master' does not have any commits yet
2023-11-25 10:47:12.910 [info] > git log --format=%H%n%aN%n%aE%n%at%n%ct%n%P%n%D%n%B -z -n184 -- /home/gymuser/legged_gym/legged_gym/scripts/play.py [1ms]
2023-11-25 10:47:12.910 [info] fatal: your current branch 'master' does not have any commits yet
2023-11-25 10:47:14.731 [info] > git check-ignore -v -z --stdin [12ms]
2023-11-25 10:47:14.732 [info] > git check-ignore -v -z --stdin [1ms]
2023-11-25 10:48:51.688 [info] No remotes found in the git config file.
2023-11-25 10:48:51.688 [info] > git config --get commit.template [12ms]
2023-11-25 10:48:51.689 [info] > git for-each-ref --format=%(refname)%00%(upstream:short)%00%(objectname)%00%(upstream:track)%00%(upstream:remotename)%00%(upstream:remoteref) refs/heads/master refs/remotes/master [2ms]
2023-11-25 10:48:51.706 [info] > git status -z -uall [3ms]
2023-11-25 10:48:52.417 [info] > git show --textconv :legged_gym/utils/logger.py [10ms]
2023-11-25 10:48:52.418 [info] > git ls-files --stage -- /home/gymuser/legged_gym/legged_gym/utils/logger.py [2ms]
2023-11-25 10:49:08.480 [info] No remotes found in the git config file.
2023-11-25 10:49:08.481 [info] > git config --get commit.template [17ms]
2023-11-25 10:49:08.481 [info] > git for-each-ref --format=%(refname)%00%(upstream:short)%00%(objectname)%00%(upstream:track)%00%(upstream:remotename)%00%(upstream:remoteref) refs/heads/master refs/remotes/master [1ms]
2023-11-25 10:49:08.499 [info] > git status -z -uall [3ms]
2023-11-25 10:49:09.504 [info] > git show --textconv :legged_gym/scripts/play.py [13ms]
2023-11-25 10:49:09.504 [info] > git ls-files --stage -- /home/gymuser/legged_gym/legged_gym/scripts/play.py [1ms]
2023-11-25 10:49:10.825 [info] > git log --format=%H%n%aN%n%aE%n%at%n%ct%n%P%n%D%n%B -z -n184 -- /home/gymuser/legged_gym/legged_gym/scripts/play.py [3ms]
2023-11-25 10:49:10.825 [info] fatal: your current branch 'master' does not have any commits yet
2023-11-25 10:50:14.645 [info] > git show --textconv :play.sh [11ms]
2023-11-25 10:50:14.646 [info] > git ls-files --stage -- /home/gymuser/legged_gym/play.sh [2ms]
2023-11-25 10:50:29.185 [info] No remotes found in the git config file.
2023-11-25 10:50:29.186 [info] > git config --get commit.template [12ms]
2023-11-25 10:50:29.187 [info] > git for-each-ref --format=%(refname)%00%(upstream:short)%00%(objectname)%00%(upstream:track)%00%(upstream:remotename)%00%(upstream:remoteref) refs/heads/master refs/remotes/master [2ms]
2023-11-25 10:50:29.201 [info] > git status -z -uall [4ms]
