2023-11-25 17:54:04.672 [info] Log level: Info
2023-11-25 17:54:04.672 [info] Validating found git in: "git"
2023-11-25 17:54:04.672 [info] Using git "2.25.1" from "git"
2023-11-25 17:54:04.672 [info] > git rev-parse --show-toplevel [5ms]
2023-11-25 17:54:04.673 [info] > git rev-parse --git-dir --git-common-dir [6ms]
2023-11-25 17:54:04.682 [info] Open repository: /home/gymuser
2023-11-25 17:54:04.707 [info] > git config --get commit.template [10ms]
2023-11-25 17:54:04.707 [info] > git rev-parse --show-toplevel [2ms]
2023-11-25 17:54:04.727 [info] > git for-each-ref --format=%(refname)%00%(upstream:short)%00%(objectname)%00%(upstream:track)%00%(upstream:remotename)%00%(upstream:remoteref) refs/heads/master refs/remotes/master [10ms]
2023-11-25 17:54:04.740 [info] > git rev-parse --git-dir --git-common-dir [14ms]
2023-11-25 17:54:04.743 [info] Open repository: /home/gymuser/legged_gym
2023-11-25 17:54:04.765 [info] > git config --get commit.template [11ms]
2023-11-25 17:54:04.768 [info] > git rev-parse --show-toplevel [4ms]
2023-11-25 17:54:04.779 [info] No remotes found in the git config file.
2023-11-25 17:54:04.790 [info] > git for-each-ref --format=%(refname)%00%(upstream:short)%00%(objectname)%00%(upstream:track)%00%(upstream:remotename)%00%(upstream:remoteref) refs/heads/master refs/remotes/master [11ms]
2023-11-25 17:54:04.804 [info] > git rev-parse --show-toplevel [15ms]
2023-11-25 17:54:04.822 [info] > git status -z -uall [21ms]
2023-11-25 17:54:04.823 [info] > git rev-parse --show-toplevel [7ms]
2023-11-25 17:54:04.901 [info] > git config --get commit.template [48ms]
2023-11-25 17:54:04.901 [info] > git rev-parse --show-toplevel [58ms]
2023-11-25 17:54:04.926 [info] No remotes found in the git config file.
2023-11-25 17:54:04.926 [info] > git rev-parse --show-toplevel [14ms]
2023-11-25 17:54:04.942 [info] > git status -z -uall [205ms] (cancelled)
2023-11-25 17:54:04.943 [info] > git for-each-ref --format=%(refname)%00%(upstream:short)%00%(objectname)%00%(upstream:track)%00%(upstream:remotename)%00%(upstream:remoteref) refs/heads/master refs/remotes/master [18ms]
2023-11-25 17:54:04.956 [info] > git rev-parse --show-toplevel [16ms]
2023-11-25 17:54:04.957 [info] > git status -z -uall [5ms]
2023-11-25 17:54:04.972 [info] > git rev-parse --show-toplevel [2ms]
2023-11-25 17:54:04.985 [info] > git rev-parse --show-toplevel [2ms]
2023-11-25 17:54:04.999 [info] > git rev-parse --git-dir --git-common-dir [2ms]
2023-11-25 17:54:05.002 [info] Open repository: /home/gymuser/rsl_rl
2023-11-25 17:54:05.016 [info] > git config --get commit.template [3ms]
2023-11-25 17:54:05.029 [info] > git for-each-ref --format=%(refname)%00%(upstream:short)%00%(objectname)%00%(upstream:track)%00%(upstream:remotename)%00%(upstream:remoteref) refs/heads/master refs/remotes/master [2ms]
2023-11-25 17:54:05.042 [info] > git status -z -uall [3ms]
2023-11-25 17:54:05.088 [info] > git for-each-ref --format=%(refname)%00%(upstream:short)%00%(objectname)%00%(upstream:track)%00%(upstream:remotename)%00%(upstream:remoteref) refs/heads/master refs/remotes/master [22ms]
2023-11-25 17:54:05.088 [info] > git config --get commit.template [32ms]
2023-11-25 17:54:05.101 [info] > git status -z -uall [3ms]
2023-11-25 17:54:05.438 [info] > git show --textconv :legged_gym/envs/base/legged_robot.py [12ms]
2023-11-25 17:54:05.439 [info] > git ls-files --stage -- /home/gymuser/legged_gym/legged_gym/envs/base/legged_robot.py [2ms]
2023-11-25 17:54:05.577 [info] > git check-ignore -v -z --stdin [24ms]
2023-11-25 17:54:05.578 [info] > git check-ignore -v -z --stdin [13ms]
2023-11-25 17:54:05.581 [info] > git check-ignore -v -z --stdin [5ms]
2023-11-25 17:56:43.461 [info] > git ls-files --stage -- /home/gymuser/legged_gym/legged_gym/envs/base/legged_robot.py [1ms]
2023-11-25 17:56:43.484 [info] > git show --textconv :legged_gym/envs/base/legged_robot.py [2ms]
2023-11-25 17:56:47.776 [info] No remotes found in the git config file.
2023-11-25 17:56:47.777 [info] > git config --get commit.template [12ms]
2023-11-25 17:56:47.778 [info] > git for-each-ref --format=%(refname)%00%(upstream:short)%00%(objectname)%00%(upstream:track)%00%(upstream:remotename)%00%(upstream:remoteref) refs/heads/master refs/remotes/master [1ms]
2023-11-25 17:56:47.793 [info] > git status -z -uall [3ms]
2023-11-25 17:56:47.858 [info] > git ls-files --stage -- /home/gymuser/legged_gym/legged_gym/envs/base/legged_robot.py [2ms]
2023-11-25 17:56:47.925 [info] > git show --textconv :legged_gym/envs/base/legged_robot.py [2ms]
2023-11-25 17:57:01.679 [info] > git show --textconv :legged_gym/scripts/play.py [11ms]
2023-11-25 17:57:01.680 [info] > git ls-files --stage -- /home/gymuser/legged_gym/legged_gym/scripts/play.py [1ms]
2023-11-25 17:57:04.682 [info] > git check-ignore -v -z --stdin [23ms]
2023-11-25 17:57:04.682 [info] > git check-ignore -v -z --stdin [13ms]
2023-11-25 17:57:04.682 [info] > git check-ignore -v -z --stdin [1ms]
2023-11-25 17:57:06.253 [info] > git show --textconv :play_agility.sh [13ms]
2023-11-25 17:57:06.254 [info] > git ls-files --stage -- /home/gymuser/legged_gym/play_agility.sh [2ms]
2023-11-25 17:57:11.675 [info] > git show --textconv :legged_gym/scripts/play.py [11ms]
2023-11-25 17:57:11.675 [info] > git ls-files --stage -- /home/gymuser/legged_gym/legged_gym/scripts/play.py [1ms]
2023-11-25 17:57:24.866 [info] > git show --textconv :play_agility.sh [14ms]
2023-11-25 17:57:24.868 [info] > git ls-files --stage -- /home/gymuser/legged_gym/play_agility.sh [1ms]
2023-11-25 17:57:26.680 [info] > git show --textconv :play_accuracy.sh [37ms]
2023-11-25 17:57:26.680 [info] > git ls-files --stage -- /home/gymuser/legged_gym/play_accuracy.sh [26ms]
2023-11-25 17:57:27.159 [info] > git show --textconv :play_agility.sh [10ms]
2023-11-25 17:57:27.161 [info] > git ls-files --stage -- /home/gymuser/legged_gym/play_agility.sh [3ms]
2023-11-25 17:57:27.560 [info] > git show --textconv :play_accuracy.sh [12ms]
2023-11-25 17:57:27.561 [info] > git ls-files --stage -- /home/gymuser/legged_gym/play_accuracy.sh [3ms]
2023-11-25 17:57:27.953 [info] > git show --textconv :play_agility.sh [10ms]
2023-11-25 17:57:27.953 [info] > git ls-files --stage -- /home/gymuser/legged_gym/play_agility.sh [1ms]
2023-11-25 17:57:56.364 [info] No remotes found in the git config file.
2023-11-25 17:57:56.374 [info] > git config --get commit.template [11ms]
2023-11-25 17:57:56.375 [info] > git for-each-ref --format=%(refname)%00%(upstream:short)%00%(objectname)%00%(upstream:track)%00%(upstream:remotename)%00%(upstream:remoteref) refs/heads/master refs/remotes/master [2ms]
2023-11-25 17:57:56.387 [info] > git status -z -uall [3ms]
2023-11-25 17:58:18.092 [info] > git config --get commit.template [2ms]
2023-11-25 17:58:18.103 [info] No remotes found in the git config file.
2023-11-25 17:58:18.105 [info] > git for-each-ref --format=%(refname)%00%(upstream:short)%00%(objectname)%00%(upstream:track)%00%(upstream:remotename)%00%(upstream:remoteref) refs/heads/master refs/remotes/master [2ms]
2023-11-25 17:58:18.119 [info] > git status -z -uall [3ms]
2023-11-25 17:58:29.166 [info] > git show --textconv :legged_gym/scripts/train.py [11ms]
2023-11-25 17:58:29.166 [info] > git ls-files --stage -- /home/gymuser/legged_gym/legged_gym/scripts/train.py [2ms]
2023-11-25 17:58:31.274 [info] > git show --textconv :legged_gym/scripts/play.py [11ms]
2023-11-25 17:58:31.275 [info] > git ls-files --stage -- /home/gymuser/legged_gym/legged_gym/scripts/play.py [2ms]
2023-11-25 17:59:01.675 [info] > git check-ignore -v -z --stdin [2ms]
2023-11-25 17:59:22.851 [info] > git show --textconv :legged_gym/scripts/play.py [10ms]
2023-11-25 17:59:22.851 [info] > git ls-files --stage -- /home/gymuser/legged_gym/legged_gym/scripts/play.py [1ms]
2023-11-25 17:59:54.644 [info] No remotes found in the git config file.
2023-11-25 17:59:54.645 [info] > git config --get commit.template [12ms]
2023-11-25 17:59:54.645 [info] > git for-each-ref --format=%(refname)%00%(upstream:short)%00%(objectname)%00%(upstream:track)%00%(upstream:remotename)%00%(upstream:remoteref) refs/heads/master refs/remotes/master [1ms]
2023-11-25 17:59:54.660 [info] > git status -z -uall [4ms]
2023-11-25 18:00:02.960 [info] > git show --textconv :legged_gym/scripts/play.py [10ms]
2023-11-25 18:00:02.961 [info] > git ls-files --stage -- /home/gymuser/legged_gym/legged_gym/scripts/play.py [2ms]
2023-11-25 18:00:33.936 [info] > git show --textconv :legged_gym/envs/base/legged_robot.py [10ms]
2023-11-25 18:00:33.937 [info] > git ls-files --stage -- /home/gymuser/legged_gym/legged_gym/envs/base/legged_robot.py [1ms]
2023-11-25 18:00:36.342 [info] > git show --textconv :legged_gym/scripts/play.py [12ms]
2023-11-25 18:00:36.343 [info] > git ls-files --stage -- /home/gymuser/legged_gym/legged_gym/scripts/play.py [4ms]
2023-11-25 18:01:16.880 [info] > git show --textconv :legged_gym/scripts/play.py [13ms]
2023-11-25 18:01:16.881 [info] > git ls-files --stage -- /home/gymuser/legged_gym/legged_gym/scripts/play.py [2ms]
2023-11-25 18:03:07.518 [info] No remotes found in the git config file.
2023-11-25 18:03:07.519 [info] > git config --get commit.template [11ms]
2023-11-25 18:03:07.520 [info] > git for-each-ref --format=%(refname)%00%(upstream:short)%00%(objectname)%00%(upstream:track)%00%(upstream:remotename)%00%(upstream:remoteref) refs/heads/master refs/remotes/master [2ms]
2023-11-25 18:03:07.533 [info] > git status -z -uall [3ms]
2023-11-25 18:03:19.002 [info] > git show --textconv :play_agility.sh [11ms]
2023-11-25 18:03:19.003 [info] > git ls-files --stage -- /home/gymuser/legged_gym/play_agility.sh [2ms]
2023-11-25 18:03:19.344 [info] > git check-ignore -v -z --stdin [1ms]
2023-11-25 18:03:19.712 [info] > git show --textconv :play_accuracy.sh [11ms]
2023-11-25 18:03:19.713 [info] > git ls-files --stage -- /home/gymuser/legged_gym/play_accuracy.sh [1ms]
2023-11-25 18:03:20.410 [info] > git show --textconv :play_agility.sh [11ms]
2023-11-25 18:03:20.411 [info] > git ls-files --stage -- /home/gymuser/legged_gym/play_agility.sh [2ms]
2023-11-25 18:03:21.052 [info] > git show --textconv :play_accuracy.sh [9ms]
2023-11-25 18:03:21.053 [info] > git ls-files --stage -- /home/gymuser/legged_gym/play_accuracy.sh [1ms]
2023-11-25 18:03:21.518 [info] > git show --textconv :play_agility.sh [11ms]
2023-11-25 18:03:21.519 [info] > git ls-files --stage -- /home/gymuser/legged_gym/play_agility.sh [3ms]
2023-11-25 18:03:22.055 [info] > git show --textconv :play_accuracy.sh [11ms]
2023-11-25 18:03:22.056 [info] > git ls-files --stage -- /home/gymuser/legged_gym/play_accuracy.sh [1ms]
2023-11-25 18:03:30.269 [info] > git show --textconv :play_agility.sh [8ms]
2023-11-25 18:03:30.270 [info] > git ls-files --stage -- /home/gymuser/legged_gym/play_agility.sh [2ms]
2023-11-25 18:03:41.316 [info] > git show --textconv :legged_gym/scripts/play.py [11ms]
2023-11-25 18:03:41.317 [info] > git ls-files --stage -- /home/gymuser/legged_gym/legged_gym/scripts/play.py [2ms]
2023-11-25 18:03:43.358 [info] > git show --textconv :play_accuracy.sh [10ms]
2023-11-25 18:03:43.359 [info] > git ls-files --stage -- /home/gymuser/legged_gym/play_accuracy.sh [2ms]
2023-11-25 18:03:45.238 [info] > git show --textconv :play_agility.sh [10ms]
2023-11-25 18:03:45.239 [info] > git ls-files --stage -- /home/gymuser/legged_gym/play_agility.sh [1ms]
2023-11-25 18:03:47.614 [info] > git show --textconv :legged_gym/scripts/play.py [11ms]
2023-11-25 18:03:47.615 [info] > git ls-files --stage -- /home/gymuser/legged_gym/legged_gym/scripts/play.py [2ms]
2023-11-25 18:03:48.253 [info] > git show --textconv :legged_gym/scripts/train.py [12ms]
2023-11-25 18:03:48.254 [info] > git ls-files --stage -- /home/gymuser/legged_gym/legged_gym/scripts/train.py [2ms]
2023-11-25 18:03:49.261 [info] > git show --textconv :legged_gym/envs/base/legged_robot.py [14ms]
2023-11-25 18:03:49.262 [info] > git ls-files --stage -- /home/gymuser/legged_gym/legged_gym/envs/base/legged_robot.py [1ms]
2023-11-25 18:03:50.640 [info] > git show --textconv :legged_gym/utils/logger.py [12ms]
2023-11-25 18:03:50.641 [info] > git ls-files --stage -- /home/gymuser/legged_gym/legged_gym/utils/logger.py [2ms]
2023-11-25 18:03:51.028 [info] > git check-ignore -v -z --stdin [2ms]
2023-11-25 18:03:54.036 [info] > git show --textconv :legged_gym/utils/task_registry.py [10ms]
2023-11-25 18:03:54.037 [info] > git ls-files --stage -- /home/gymuser/legged_gym/legged_gym/utils/task_registry.py [2ms]
2023-11-25 18:04:11.973 [info] > git show --textconv :legged_gym/utils/task_registry.py [12ms]
2023-11-25 18:04:11.974 [info] > git ls-files --stage -- /home/gymuser/legged_gym/legged_gym/utils/task_registry.py [1ms]
2023-11-25 18:04:37.731 [info] No remotes found in the git config file.
2023-11-25 18:04:37.732 [info] > git config --get commit.template [11ms]
2023-11-25 18:04:37.732 [info] > git for-each-ref --format=%(refname)%00%(upstream:short)%00%(objectname)%00%(upstream:track)%00%(upstream:remotename)%00%(upstream:remoteref) refs/heads/master refs/remotes/master [1ms]
2023-11-25 18:04:37.746 [info] > git status -z -uall [4ms]
2023-11-25 18:04:54.018 [info] > git show --textconv :legged_gym/utils/task_registry.py [10ms]
2023-11-25 18:04:54.018 [info] > git ls-files --stage -- /home/gymuser/legged_gym/legged_gym/utils/task_registry.py [1ms]
2023-11-25 18:05:01.985 [info] > git show --textconv :legged_gym/scripts/play.py [9ms]
2023-11-25 18:05:01.986 [info] > git ls-files --stage -- /home/gymuser/legged_gym/legged_gym/scripts/play.py [1ms]
2023-11-25 18:05:16.300 [info] No remotes found in the git config file.
2023-11-25 18:05:16.301 [info] > git config --get commit.template [15ms]
2023-11-25 18:05:16.301 [info] > git for-each-ref --format=%(refname)%00%(upstream:short)%00%(objectname)%00%(upstream:track)%00%(upstream:remotename)%00%(upstream:remoteref) refs/heads/master refs/remotes/master [1ms]
2023-11-25 18:05:16.316 [info] > git status -z -uall [3ms]
2023-11-25 18:05:33.231 [info] No remotes found in the git config file.
2023-11-25 18:05:33.232 [info] > git config --get commit.template [11ms]
2023-11-25 18:05:33.232 [info] > git for-each-ref --format=%(refname)%00%(upstream:short)%00%(objectname)%00%(upstream:track)%00%(upstream:remotename)%00%(upstream:remoteref) refs/heads/master refs/remotes/master [1ms]
2023-11-25 18:05:33.253 [info] > git status -z -uall [10ms]
2023-11-25 18:06:34.227 [info] No remotes found in the git config file.
2023-11-25 18:06:34.228 [info] > git config --get commit.template [15ms]
2023-11-25 18:06:34.228 [info] > git for-each-ref --format=%(refname)%00%(upstream:short)%00%(objectname)%00%(upstream:track)%00%(upstream:remotename)%00%(upstream:remoteref) refs/heads/master refs/remotes/master [1ms]
2023-11-25 18:06:34.248 [info] > git status -z -uall [3ms]
2023-11-25 18:06:39.284 [info] No remotes found in the git config file.
2023-11-25 18:06:39.285 [info] > git config --get commit.template [16ms]
2023-11-25 18:06:39.286 [info] > git for-each-ref --format=%(refname)%00%(upstream:short)%00%(objectname)%00%(upstream:track)%00%(upstream:remotename)%00%(upstream:remoteref) refs/heads/master refs/remotes/master [2ms]
2023-11-25 18:06:39.302 [info] > git status -z -uall [3ms]
2023-11-25 18:07:08.201 [info] No remotes found in the git config file.
2023-11-25 18:07:08.201 [info] > git config --get commit.template [12ms]
2023-11-25 18:07:08.202 [info] > git for-each-ref --format=%(refname)%00%(upstream:short)%00%(objectname)%00%(upstream:track)%00%(upstream:remotename)%00%(upstream:remoteref) refs/heads/master refs/remotes/master [2ms]
2023-11-25 18:07:08.214 [info] > git status -z -uall [3ms]
2023-11-25 18:07:48.269 [info] > git show --textconv :play_agility.sh [12ms]
2023-11-25 18:07:48.269 [info] > git ls-files --stage -- /home/gymuser/legged_gym/play_agility.sh [1ms]
2023-11-25 18:07:49.029 [info] > git show --textconv :play_accuracy.sh [10ms]
2023-11-25 18:07:49.030 [info] > git ls-files --stage -- /home/gymuser/legged_gym/play_accuracy.sh [2ms]
2023-11-25 18:07:50.207 [info] > git show --textconv :play_agility.sh [12ms]
2023-11-25 18:07:50.208 [info] > git ls-files --stage -- /home/gymuser/legged_gym/play_agility.sh [1ms]
2023-11-25 18:07:53.895 [info] > git show --textconv :legged_gym/envs/base/legged_robot.py [10ms]
2023-11-25 18:07:53.896 [info] > git ls-files --stage -- /home/gymuser/legged_gym/legged_gym/envs/base/legged_robot.py [1ms]
2023-11-25 18:08:09.883 [info] No remotes found in the git config file.
2023-11-25 18:08:09.883 [info] > git config --get commit.template [13ms]
2023-11-25 18:08:09.883 [info] > git for-each-ref --format=%(refname)%00%(upstream:short)%00%(objectname)%00%(upstream:track)%00%(upstream:remotename)%00%(upstream:remoteref) refs/heads/master refs/remotes/master [1ms]
2023-11-25 18:08:09.900 [info] > git status -z -uall [4ms]
2023-11-25 18:08:09.967 [info] > git ls-files --stage -- /home/gymuser/legged_gym/legged_gym/envs/base/legged_robot.py [1ms]
2023-11-25 18:08:09.976 [info] > git cat-file -s 90806a122ee63d5d4c08af2fcf3a7ebad864dc84 [1ms]
2023-11-25 18:08:10.039 [info] > git show --textconv :legged_gym/envs/base/legged_robot.py [14ms]
2023-11-25 18:08:39.898 [info] No remotes found in the git config file.
2023-11-25 18:08:39.899 [info] > git config --get commit.template [10ms]
2023-11-25 18:08:39.899 [info] > git for-each-ref --format=%(refname)%00%(upstream:short)%00%(objectname)%00%(upstream:track)%00%(upstream:remotename)%00%(upstream:remoteref) refs/heads/master refs/remotes/master [1ms]
2023-11-25 18:08:39.913 [info] > git status -z -uall [4ms]
2023-11-25 18:08:39.987 [info] > git ls-files --stage -- /home/gymuser/legged_gym/legged_gym/envs/base/legged_robot.py [2ms]
2023-11-25 18:08:39.999 [info] > git cat-file -s 90806a122ee63d5d4c08af2fcf3a7ebad864dc84 [2ms]
2023-11-25 18:08:40.074 [info] > git show --textconv :legged_gym/envs/base/legged_robot.py [3ms]
