2023-11-24 07:41:58.559 [info] Log level: Info
2023-11-24 07:41:58.560 [info] Validating found git in: "git"
2023-11-24 07:41:58.560 [info] Using git "2.25.1" from "git"
2023-11-24 07:41:58.560 [info] > git rev-parse --show-toplevel [3ms]
2023-11-24 07:41:58.560 [info] > git rev-parse --git-dir --git-common-dir [2ms]
2023-11-24 07:41:58.571 [info] Open repository: /home/gymuser
2023-11-24 07:41:58.589 [info] > git config --get commit.template [9ms]
2023-11-24 07:41:58.590 [info] > git rev-parse --show-toplevel [2ms]
2023-11-24 07:41:58.606 [info] > git rev-parse --show-toplevel [2ms]
2023-11-24 07:41:58.607 [info] > git for-each-ref --format=%(refname)%00%(upstream:short)%00%(objectname)%00%(upstream:track)%00%(upstream:remotename)%00%(upstream:remoteref) refs/heads/master refs/remotes/master [11ms]
2023-11-24 07:41:58.624 [info] > git rev-parse --show-toplevel [3ms]
2023-11-24 07:41:58.632 [info] > git rev-parse --show-toplevel [2ms]
2023-11-24 07:41:58.648 [info] > git log --format=%H%n%aN%n%aE%n%at%n%ct%n%P%n%D%n%B -z -n184 -- /home/gymuser/a/metrics_+64.png [7ms]
2023-11-24 07:41:58.671 [info] > git rev-parse --show-toplevel [24ms]
2023-11-24 07:41:58.679 [info] > git rev-parse --show-toplevel [2ms]
2023-11-24 07:41:58.686 [info] > git rev-parse --show-toplevel [2ms]
2023-11-24 07:41:58.694 [info] > git rev-parse --show-toplevel [2ms]
2023-11-24 07:41:58.701 [info] > git rev-parse --git-dir --git-common-dir [1ms]
2023-11-24 07:41:58.704 [info] Open repository: /home/gymuser/legged_gym
2023-11-24 07:41:58.722 [info] > git config --get commit.template [10ms]
2023-11-24 07:41:58.722 [info] > git rev-parse --show-toplevel [4ms]
2023-11-24 07:41:58.729 [info] No remotes found in the git config file.
2023-11-24 07:41:58.736 [info] > git for-each-ref --format=%(refname)%00%(upstream:short)%00%(objectname)%00%(upstream:track)%00%(upstream:remotename)%00%(upstream:remoteref) refs/heads/master refs/remotes/master [7ms]
2023-11-24 07:41:58.743 [info] > git rev-parse --git-dir --git-common-dir [8ms]
2023-11-24 07:41:58.746 [info] Open repository: /home/gymuser/rsl_rl
2023-11-24 07:41:58.756 [info] > git status -z -uall [14ms]
2023-11-24 07:41:58.774 [info] > git config --get commit.template [18ms]
2023-11-24 07:41:58.777 [info] > git config --get commit.template [5ms]
2023-11-24 07:41:58.792 [info] No remotes found in the git config file.
2023-11-24 07:41:58.795 [info] > git status -z -uall [181ms] (cancelled)
2023-11-24 07:41:58.795 [info] > git for-each-ref --format=%(refname)%00%(upstream:short)%00%(objectname)%00%(upstream:track)%00%(upstream:remotename)%00%(upstream:remoteref) refs/heads/master refs/remotes/master [11ms]
2023-11-24 07:41:58.835 [info] > git status -z -uall [33ms]
2023-11-24 07:41:58.838 [info] > git for-each-ref --format=%(refname)%00%(upstream:short)%00%(objectname)%00%(upstream:track)%00%(upstream:remotename)%00%(upstream:remoteref) refs/heads/master refs/remotes/master [47ms]
2023-11-24 07:41:58.854 [info] > git status -z -uall [9ms]
2023-11-24 07:41:58.858 [info] > git config --get commit.template [5ms]
2023-11-24 07:41:58.868 [info] > git for-each-ref --format=%(refname)%00%(upstream:short)%00%(objectname)%00%(upstream:track)%00%(upstream:remotename)%00%(upstream:remoteref) refs/heads/master refs/remotes/master [3ms]
2023-11-24 07:41:58.877 [info] > git status -z -uall [2ms]
2023-11-24 07:41:59.263 [info] > git log --format=%H%n%aN%n%aE%n%at%n%ct%n%P%n%D%n%B -z -n184 -- /home/gymuser/a/metrics_+64.png [2ms]
2023-11-24 07:41:59.301 [info] > git check-ignore -v -z --stdin [16ms]
2023-11-24 07:41:59.305 [info] > git check-ignore -v -z --stdin [13ms]
2023-11-24 07:41:59.306 [info] > git check-ignore -v -z --stdin [6ms]
2023-11-24 07:42:02.490 [info] > git check-ignore -v -z --stdin [2ms]
2023-11-24 07:42:04.752 [info] > git log --format=%H%n%aN%n%aE%n%at%n%ct%n%P%n%D%n%B -z -n184 -- /home/gymuser/legged_gym/legged_gym/scripts/train.py [250ms]
2023-11-24 07:42:04.752 [info] fatal: your current branch 'master' does not have any commits yet
2023-11-24 07:42:04.846 [info] > git show --textconv :legged_gym/scripts/train.py [30ms]
2023-11-24 07:42:04.846 [info] > git ls-files --stage -- /home/gymuser/legged_gym/legged_gym/scripts/train.py [21ms]
2023-11-24 07:42:05.636 [info] > git check-ignore -v -z --stdin [375ms]
2023-11-24 07:42:05.734 [info] > git log --format=%H%n%aN%n%aE%n%at%n%ct%n%P%n%D%n%B -z -n184 -- /home/gymuser/legged_gym/run.sh [6ms]
2023-11-24 07:42:05.734 [info] fatal: your current branch 'master' does not have any commits yet
2023-11-24 07:42:05.938 [info] > git show --textconv :run.sh [13ms]
2023-11-24 07:42:05.939 [info] > git ls-files --stage -- /home/gymuser/legged_gym/run.sh [2ms]
2023-11-24 07:42:14.918 [info] No remotes found in the git config file.
2023-11-24 07:42:14.919 [info] > git config --get commit.template [13ms]
2023-11-24 07:42:14.919 [info] > git for-each-ref --format=%(refname)%00%(upstream:short)%00%(objectname)%00%(upstream:track)%00%(upstream:remotename)%00%(upstream:remoteref) refs/heads/master refs/remotes/master [1ms]
2023-11-24 07:42:14.936 [info] > git status -z -uall [3ms]
2023-11-24 07:42:18.341 [info] > git check-ignore -v -z --stdin [1ms]
2023-11-24 07:42:20.763 [info] > git check-ignore -v -z --stdin [2ms]
2023-11-24 07:42:21.843 [info] > git check-ignore -v -z --stdin [1ms]
2023-11-24 07:42:55.079 [info] > git check-ignore -v -z --stdin [1ms]
2023-11-24 07:43:37.835 [info] No remotes found in the git config file.
2023-11-24 07:43:37.836 [info] > git config --get commit.template [13ms]
2023-11-24 07:43:37.836 [info] > git for-each-ref --format=%(refname)%00%(upstream:short)%00%(objectname)%00%(upstream:track)%00%(upstream:remotename)%00%(upstream:remoteref) refs/heads/master refs/remotes/master [1ms]
2023-11-24 07:43:37.849 [info] > git status -z -uall [4ms]
2023-11-24 07:43:42.877 [info] No remotes found in the git config file.
2023-11-24 07:43:42.878 [info] > git config --get commit.template [12ms]
2023-11-24 07:43:42.878 [info] > git for-each-ref --format=%(refname)%00%(upstream:short)%00%(objectname)%00%(upstream:track)%00%(upstream:remotename)%00%(upstream:remoteref) refs/heads/master refs/remotes/master [2ms]
2023-11-24 07:43:42.896 [info] > git status -z -uall [4ms]
2023-11-24 07:43:55.925 [info] > git config --get commit.template [1ms]
2023-11-24 07:43:55.936 [info] No remotes found in the git config file.
2023-11-24 07:43:55.937 [info] > git for-each-ref --format=%(refname)%00%(upstream:short)%00%(objectname)%00%(upstream:track)%00%(upstream:remotename)%00%(upstream:remoteref) refs/heads/master refs/remotes/master [1ms]
2023-11-24 07:43:55.949 [info] > git status -z -uall [3ms]
2023-11-24 07:44:00.976 [info] No remotes found in the git config file.
2023-11-24 07:44:00.977 [info] > git config --get commit.template [12ms]
2023-11-24 07:44:00.977 [info] > git for-each-ref --format=%(refname)%00%(upstream:short)%00%(objectname)%00%(upstream:track)%00%(upstream:remotename)%00%(upstream:remoteref) refs/heads/master refs/remotes/master [1ms]
2023-11-24 07:44:00.990 [info] > git status -z -uall [3ms]
2023-11-24 07:44:10.107 [info] No remotes found in the git config file.
2023-11-24 07:44:10.108 [info] > git config --get commit.template [12ms]
2023-11-24 07:44:10.109 [info] > git for-each-ref --format=%(refname)%00%(upstream:short)%00%(objectname)%00%(upstream:track)%00%(upstream:remotename)%00%(upstream:remoteref) refs/heads/master refs/remotes/master [2ms]
2023-11-24 07:44:10.122 [info] > git status -z -uall [4ms]
2023-11-24 07:44:29.896 [info] > git config --get commit.template [2ms]
2023-11-24 07:44:29.906 [info] No remotes found in the git config file.
2023-11-24 07:44:29.907 [info] > git for-each-ref --format=%(refname)%00%(upstream:short)%00%(objectname)%00%(upstream:track)%00%(upstream:remotename)%00%(upstream:remoteref) refs/heads/master refs/remotes/master [1ms]
2023-11-24 07:44:29.922 [info] > git status -z -uall [3ms]
2023-11-24 07:44:34.952 [info] No remotes found in the git config file.
2023-11-24 07:44:34.953 [info] > git config --get commit.template [11ms]
2023-11-24 07:44:34.953 [info] > git for-each-ref --format=%(refname)%00%(upstream:short)%00%(objectname)%00%(upstream:track)%00%(upstream:remotename)%00%(upstream:remoteref) refs/heads/master refs/remotes/master [1ms]
2023-11-24 07:44:34.965 [info] > git status -z -uall [3ms]
2023-11-24 07:44:43.334 [info] No remotes found in the git config file.
2023-11-24 07:44:43.334 [info] > git config --get commit.template [10ms]
2023-11-24 07:44:43.335 [info] > git for-each-ref --format=%(refname)%00%(upstream:short)%00%(objectname)%00%(upstream:track)%00%(upstream:remotename)%00%(upstream:remoteref) refs/heads/master refs/remotes/master [2ms]
2023-11-24 07:44:43.347 [info] > git status -z -uall [3ms]
2023-11-24 07:44:48.370 [info] No remotes found in the git config file.
2023-11-24 07:44:48.370 [info] > git config --get commit.template [9ms]
2023-11-24 07:44:48.371 [info] > git for-each-ref --format=%(refname)%00%(upstream:short)%00%(objectname)%00%(upstream:track)%00%(upstream:remotename)%00%(upstream:remoteref) refs/heads/master refs/remotes/master [2ms]
2023-11-24 07:44:48.383 [info] > git status -z -uall [4ms]
2023-11-24 07:45:12.697 [info] No remotes found in the git config file.
2023-11-24 07:45:12.698 [info] > git config --get commit.template [11ms]
2023-11-24 07:45:12.698 [info] > git for-each-ref --format=%(refname)%00%(upstream:short)%00%(objectname)%00%(upstream:track)%00%(upstream:remotename)%00%(upstream:remoteref) refs/heads/master refs/remotes/master [1ms]
2023-11-24 07:45:12.710 [info] > git status -z -uall [3ms]
2023-11-24 07:45:28.717 [info] No remotes found in the git config file.
2023-11-24 07:45:28.718 [info] > git config --get commit.template [13ms]
2023-11-24 07:45:28.718 [info] > git for-each-ref --format=%(refname)%00%(upstream:short)%00%(objectname)%00%(upstream:track)%00%(upstream:remotename)%00%(upstream:remoteref) refs/heads/master refs/remotes/master [1ms]
2023-11-24 07:45:28.731 [info] > git status -z -uall [3ms]
2023-11-24 07:45:39.877 [info] > git config --get commit.template [1ms]
2023-11-24 07:45:39.887 [info] No remotes found in the git config file.
2023-11-24 07:45:39.888 [info] > git for-each-ref --format=%(refname)%00%(upstream:short)%00%(objectname)%00%(upstream:track)%00%(upstream:remotename)%00%(upstream:remoteref) refs/heads/master refs/remotes/master [1ms]
2023-11-24 07:45:39.900 [info] > git status -z -uall [3ms]
2023-11-24 08:04:22.135 [info] No remotes found in the git config file.
2023-11-24 08:04:22.136 [info] > git config --get commit.template [16ms]
2023-11-24 08:04:22.136 [info] > git for-each-ref --format=%(refname)%00%(upstream:short)%00%(objectname)%00%(upstream:track)%00%(upstream:remotename)%00%(upstream:remoteref) refs/heads/master refs/remotes/master [1ms]
2023-11-24 08:04:22.150 [info] > git status -z -uall [2ms]
2023-11-24 08:04:42.507 [info] > git log --format=%H%n%aN%n%aE%n%at%n%ct%n%P%n%D%n%B -z -n184 -- /home/gymuser/legged_gym/play.sh [5ms]
2023-11-24 08:04:42.507 [info] fatal: your current branch 'master' does not have any commits yet
2023-11-24 08:04:42.683 [info] > git show --textconv :play.sh [10ms]
2023-11-24 08:04:42.684 [info] > git ls-files --stage -- /home/gymuser/legged_gym/play.sh [1ms]
2023-11-24 08:05:12.641 [info] No remotes found in the git config file.
2023-11-24 08:05:12.641 [info] > git config --get commit.template [12ms]
2023-11-24 08:05:12.641 [info] > git for-each-ref --format=%(refname)%00%(upstream:short)%00%(objectname)%00%(upstream:track)%00%(upstream:remotename)%00%(upstream:remoteref) refs/heads/master refs/remotes/master [0ms]
2023-11-24 08:05:12.656 [info] > git status -z -uall [3ms]
2023-11-24 08:05:37.237 [info] > git check-ignore -v -z --stdin [1ms]
2023-11-24 08:05:44.461 [info] No remotes found in the git config file.
2023-11-24 08:05:44.461 [info] > git config --get commit.template [12ms]
2023-11-24 08:05:44.461 [info] > git for-each-ref --format=%(refname)%00%(upstream:short)%00%(objectname)%00%(upstream:track)%00%(upstream:remotename)%00%(upstream:remoteref) refs/heads/master refs/remotes/master [1ms]
2023-11-24 08:05:44.475 [info] > git status -z -uall [3ms]
2023-11-24 08:05:46.890 [info] > git log --format=%H%n%aN%n%aE%n%at%n%ct%n%P%n%D%n%B -z -n184 -- /home/gymuser/legged_gym/legged_gym/utils/logger.py [10ms]
2023-11-24 08:05:46.890 [info] fatal: your current branch 'master' does not have any commits yet
2023-11-24 08:05:47.068 [info] > git show --textconv :legged_gym/utils/logger.py [13ms]
2023-11-24 08:05:47.069 [info] > git ls-files --stage -- /home/gymuser/legged_gym/legged_gym/utils/logger.py [3ms]
2023-11-24 08:05:47.507 [info] > git check-ignore -v -z --stdin [1ms]
2023-11-24 08:05:49.109 [info] > git log --format=%H%n%aN%n%aE%n%at%n%ct%n%P%n%D%n%B -z -n184 -- /home/gymuser/legged_gym/legged_gym/envs/base/legged_robot_config.py [6ms]
2023-11-24 08:05:49.109 [info] fatal: your current branch 'master' does not have any commits yet
2023-11-24 08:05:49.296 [info] > git show --textconv :legged_gym/envs/base/legged_robot_config.py [16ms]
2023-11-24 08:05:49.297 [info] > git ls-files --stage -- /home/gymuser/legged_gym/legged_gym/envs/base/legged_robot_config.py [2ms]
2023-11-24 08:05:49.505 [info] No remotes found in the git config file.
2023-11-24 08:05:49.506 [info] > git config --get commit.template [14ms]
2023-11-24 08:05:49.506 [info] > git for-each-ref --format=%(refname)%00%(upstream:short)%00%(objectname)%00%(upstream:track)%00%(upstream:remotename)%00%(upstream:remoteref) refs/heads/master refs/remotes/master [1ms]
2023-11-24 08:05:49.519 [info] > git status -z -uall [3ms]
2023-11-24 08:05:49.708 [info] > git check-ignore -v -z --stdin [1ms]
2023-11-24 08:05:59.990 [info] No remotes found in the git config file.
2023-11-24 08:05:59.991 [info] > git config --get commit.template [14ms]
2023-11-24 08:05:59.991 [info] > git for-each-ref --format=%(refname)%00%(upstream:short)%00%(objectname)%00%(upstream:track)%00%(upstream:remotename)%00%(upstream:remoteref) refs/heads/master refs/remotes/master [1ms]
2023-11-24 08:06:00.008 [info] > git status -z -uall [3ms]
2023-11-24 08:06:05.464 [info] > git check-ignore -v -z --stdin [1ms]
2023-11-24 08:06:11.059 [info] No remotes found in the git config file.
2023-11-24 08:06:11.059 [info] > git config --get commit.template [13ms]
2023-11-24 08:06:11.060 [info] > git for-each-ref --format=%(refname)%00%(upstream:short)%00%(objectname)%00%(upstream:track)%00%(upstream:remotename)%00%(upstream:remoteref) refs/heads/master refs/remotes/master [1ms]
2023-11-24 08:06:11.075 [info] > git status -z -uall [3ms]
2023-11-24 08:06:16.830 [info] > git config --get commit.template [2ms]
2023-11-24 08:06:16.840 [info] No remotes found in the git config file.
2023-11-24 08:06:16.841 [info] > git for-each-ref --format=%(refname)%00%(upstream:short)%00%(objectname)%00%(upstream:track)%00%(upstream:remotename)%00%(upstream:remoteref) refs/heads/master refs/remotes/master [1ms]
2023-11-24 08:06:16.856 [info] > git status -z -uall [3ms]
2023-11-24 08:06:19.934 [info] > git log --format=%H%n%aN%n%aE%n%at%n%ct%n%P%n%D%n%B -z -n184 -- /home/gymuser/legged_gym/run.sh [5ms]
2023-11-24 08:06:19.935 [info] fatal: your current branch 'master' does not have any commits yet
2023-11-24 08:06:20.118 [info] > git show --textconv :run.sh [10ms]
2023-11-24 08:06:20.119 [info] > git ls-files --stage -- /home/gymuser/legged_gym/run.sh [1ms]
2023-11-24 08:06:21.879 [info] No remotes found in the git config file.
2023-11-24 08:06:21.879 [info] > git config --get commit.template [9ms]
2023-11-24 08:06:21.880 [info] > git for-each-ref --format=%(refname)%00%(upstream:short)%00%(objectname)%00%(upstream:track)%00%(upstream:remotename)%00%(upstream:remoteref) refs/heads/master refs/remotes/master [1ms]
2023-11-24 08:06:21.892 [info] > git status -z -uall [4ms]
2023-11-24 08:06:26.917 [info] No remotes found in the git config file.
2023-11-24 08:06:26.918 [info] > git config --get commit.template [11ms]
2023-11-24 08:06:26.929 [info] > git for-each-ref --format=%(refname)%00%(upstream:short)%00%(objectname)%00%(upstream:track)%00%(upstream:remotename)%00%(upstream:remoteref) refs/heads/master refs/remotes/master [12ms]
2023-11-24 08:06:26.943 [info] > git status -z -uall [4ms]
2023-11-24 08:06:43.463 [info] > git check-ignore -v -z --stdin [1ms]
2023-11-24 08:06:57.219 [info] No remotes found in the git config file.
2023-11-24 08:06:57.220 [info] > git config --get commit.template [12ms]
2023-11-24 08:06:57.220 [info] > git for-each-ref --format=%(refname)%00%(upstream:short)%00%(objectname)%00%(upstream:track)%00%(upstream:remotename)%00%(upstream:remoteref) refs/heads/master refs/remotes/master [1ms]
2023-11-24 08:06:57.234 [info] > git status -z -uall [4ms]
2023-11-24 08:07:02.833 [info] No remotes found in the git config file.
2023-11-24 08:07:02.834 [info] > git config --get commit.template [12ms]
2023-11-24 08:07:02.834 [info] > git for-each-ref --format=%(refname)%00%(upstream:short)%00%(objectname)%00%(upstream:track)%00%(upstream:remotename)%00%(upstream:remoteref) refs/heads/master refs/remotes/master [1ms]
2023-11-24 08:07:02.848 [info] > git status -z -uall [4ms]
2023-11-24 08:07:16.174 [info] No remotes found in the git config file.
2023-11-24 08:07:16.175 [info] > git config --get commit.template [12ms]
2023-11-24 08:07:16.175 [info] > git for-each-ref --format=%(refname)%00%(upstream:short)%00%(objectname)%00%(upstream:track)%00%(upstream:remotename)%00%(upstream:remoteref) refs/heads/master refs/remotes/master [1ms]
2023-11-24 08:07:16.188 [info] > git status -z -uall [4ms]
2023-11-24 08:11:48.942 [info] No remotes found in the git config file.
2023-11-24 08:11:48.943 [info] > git config --get commit.template [12ms]
2023-11-24 08:11:48.943 [info] > git for-each-ref --format=%(refname)%00%(upstream:short)%00%(objectname)%00%(upstream:track)%00%(upstream:remotename)%00%(upstream:remoteref) refs/heads/master refs/remotes/master [2ms]
2023-11-24 08:11:48.956 [info] > git status -z -uall [3ms]
2023-11-24 08:15:21.463 [info] No remotes found in the git config file.
2023-11-24 08:15:21.464 [info] > git config --get commit.template [13ms]
2023-11-24 08:15:21.465 [info] > git for-each-ref --format=%(refname)%00%(upstream:short)%00%(objectname)%00%(upstream:track)%00%(upstream:remotename)%00%(upstream:remoteref) refs/heads/master refs/remotes/master [2ms]
2023-11-24 08:15:21.479 [info] > git status -z -uall [4ms]
2023-11-24 08:15:26.155 [info] > git log --format=%H%n%aN%n%aE%n%at%n%ct%n%P%n%D%n%B -z -n184 -- /home/gymuser/a/metrics_1.5_0.75.png [2ms]
2023-11-24 08:15:26.498 [info] > git config --get commit.template [1ms]
2023-11-24 08:15:26.509 [info] No remotes found in the git config file.
2023-11-24 08:15:26.510 [info] > git for-each-ref --format=%(refname)%00%(upstream:short)%00%(objectname)%00%(upstream:track)%00%(upstream:remotename)%00%(upstream:remoteref) refs/heads/master refs/remotes/master [1ms]
2023-11-24 08:15:26.524 [info] > git status -z -uall [3ms]
2023-11-24 08:15:30.773 [info] > git log --format=%H%n%aN%n%aE%n%at%n%ct%n%P%n%D%n%B -z -n184 -- /home/gymuser/a/metrics_1.5_1.0.png [2ms]
2023-11-24 08:15:31.684 [info] > git log --format=%H%n%aN%n%aE%n%at%n%ct%n%P%n%D%n%B -z -n184 -- /home/gymuser/a/metrics_1.5_0.75.png [2ms]
2023-11-24 08:16:44.439 [info] > git log --format=%H%n%aN%n%aE%n%at%n%ct%n%P%n%D%n%B -z -n120 -- /home/gymuser/a/metrics_sigma=0.18.png [2ms]
2023-11-24 08:16:54.571 [info] > git log --format=%H%n%aN%n%aE%n%at%n%ct%n%P%n%D%n%B -z -n120 -- /home/gymuser/a/metrics_sigma=0.23.png [2ms]
2023-11-24 08:17:27.348 [info] > git log --format=%H%n%aN%n%aE%n%at%n%ct%n%P%n%D%n%B -z -n120 -- /home/gymuser/legged_gym/run.sh [5ms]
2023-11-24 08:17:27.348 [info] fatal: your current branch 'master' does not have any commits yet
2023-11-24 08:17:27.525 [info] > git show --textconv :run.sh [14ms]
2023-11-24 08:17:27.526 [info] > git ls-files --stage -- /home/gymuser/legged_gym/run.sh [2ms]
2023-11-24 08:28:17.023 [info] No remotes found in the git config file.
2023-11-24 08:28:17.024 [info] > git config --get commit.template [15ms]
2023-11-24 08:28:17.024 [info] > git for-each-ref --format=%(refname)%00%(upstream:short)%00%(objectname)%00%(upstream:track)%00%(upstream:remotename)%00%(upstream:remoteref) refs/heads/master refs/remotes/master [1ms]
2023-11-24 08:28:17.042 [info] > git status -z -uall [4ms]
2023-11-24 08:28:25.881 [info] > git log --format=%H%n%aN%n%aE%n%at%n%ct%n%P%n%D%n%B -z -n120 -- /home/gymuser/legged_gym/play.sh [4ms]
2023-11-24 08:28:25.881 [info] fatal: your current branch 'master' does not have any commits yet
2023-11-24 08:28:26.077 [info] > git show --textconv :play.sh [13ms]
2023-11-24 08:28:26.077 [info] > git ls-files --stage -- /home/gymuser/legged_gym/play.sh [1ms]
2023-11-24 08:28:41.635 [info] No remotes found in the git config file.
2023-11-24 08:28:41.635 [info] > git config --get commit.template [10ms]
2023-11-24 08:28:41.636 [info] > git for-each-ref --format=%(refname)%00%(upstream:short)%00%(objectname)%00%(upstream:track)%00%(upstream:remotename)%00%(upstream:remoteref) refs/heads/master refs/remotes/master [1ms]
2023-11-24 08:28:41.649 [info] > git status -z -uall [3ms]
2023-11-24 08:29:42.148 [info] No remotes found in the git config file.
2023-11-24 08:29:42.148 [info] > git config --get commit.template [15ms]
2023-11-24 08:29:42.149 [info] > git for-each-ref --format=%(refname)%00%(upstream:short)%00%(objectname)%00%(upstream:track)%00%(upstream:remotename)%00%(upstream:remoteref) refs/heads/master refs/remotes/master [2ms]
2023-11-24 08:29:42.167 [info] > git status -z -uall [4ms]
2023-11-24 08:29:42.292 [info] > git log --format=%H%n%aN%n%aE%n%at%n%ct%n%P%n%D%n%B -z -n120 -- /home/gymuser/legged_gym/logs/go1/metrics.png [16ms]
2023-11-24 08:29:42.292 [info] fatal: your current branch 'master' does not have any commits yet
2023-11-24 08:29:47.197 [info] No remotes found in the git config file.
2023-11-24 08:29:47.197 [info] > git config --get commit.template [10ms]
2023-11-24 08:29:47.198 [info] > git for-each-ref --format=%(refname)%00%(upstream:short)%00%(objectname)%00%(upstream:track)%00%(upstream:remotename)%00%(upstream:remoteref) refs/heads/master refs/remotes/master [1ms]
2023-11-24 08:29:47.210 [info] > git status -z -uall [3ms]
2023-11-24 08:29:55.331 [info] > git log --format=%H%n%aN%n%aE%n%at%n%ct%n%P%n%D%n%B -z -n120 -- /home/gymuser/legged_gym/logs/go1/metrics_sigma=0.30.png [2ms]
2023-11-24 08:29:55.331 [info] fatal: your current branch 'master' does not have any commits yet
2023-11-24 08:29:55.824 [info] > git check-ignore -v -z --stdin [1ms]
2023-11-24 08:29:56.438 [info] No remotes found in the git config file.
2023-11-24 08:29:56.438 [info] > git config --get commit.template [11ms]
2023-11-24 08:29:56.439 [info] > git for-each-ref --format=%(refname)%00%(upstream:short)%00%(objectname)%00%(upstream:track)%00%(upstream:remotename)%00%(upstream:remoteref) refs/heads/master refs/remotes/master [1ms]
2023-11-24 08:29:56.452 [info] > git status -z -uall [3ms]
2023-11-24 08:30:04.076 [info] > git log --format=%H%n%aN%n%aE%n%at%n%ct%n%P%n%D%n%B -z -n120 -- /home/gymuser/a/metrics_sigma=0.30.png [2ms]
2023-11-24 08:30:04.564 [info] > git check-ignore -v -z --stdin [1ms]
2023-11-24 08:30:05.201 [info] No remotes found in the git config file.
2023-11-24 08:30:05.201 [info] > git config --get commit.template [14ms]
2023-11-24 08:30:05.202 [info] > git for-each-ref --format=%(refname)%00%(upstream:short)%00%(objectname)%00%(upstream:track)%00%(upstream:remotename)%00%(upstream:remoteref) refs/heads/master refs/remotes/master [1ms]
2023-11-24 08:30:05.221 [info] > git status -z -uall [3ms]
2023-11-24 08:30:46.803 [info] > git log --format=%H%n%aN%n%aE%n%at%n%ct%n%P%n%D%n%B -z -n120 -- /home/gymuser/legged_gym/legged_gym/scripts/play.py [5ms]
2023-11-24 08:30:46.803 [info] fatal: your current branch 'master' does not have any commits yet
2023-11-24 08:30:46.977 [info] > git show --textconv :legged_gym/scripts/play.py [15ms]
2023-11-24 08:30:46.978 [info] > git ls-files --stage -- /home/gymuser/legged_gym/legged_gym/scripts/play.py [1ms]
2023-11-24 08:30:53.056 [info] > git log --format=%H%n%aN%n%aE%n%at%n%ct%n%P%n%D%n%B -z -n120 -- /home/gymuser/legged_gym/legged_gym/utils/logger.py [4ms]
2023-11-24 08:30:53.056 [info] fatal: your current branch 'master' does not have any commits yet
2023-11-24 08:30:53.267 [info] > git show --textconv :legged_gym/utils/logger.py [13ms]
2023-11-24 08:30:53.268 [info] > git ls-files --stage -- /home/gymuser/legged_gym/legged_gym/utils/logger.py [1ms]
2023-11-24 08:31:52.730 [info] > git check-ignore -v -z --stdin [1ms]
2023-11-24 08:32:16.846 [info] > git log --format=%H%n%aN%n%aE%n%at%n%ct%n%P%n%D%n%B -z -n120 -- /home/gymuser/legged_gym/legged_gym/scripts/play.py [3ms]
2023-11-24 08:32:16.847 [info] fatal: your current branch 'master' does not have any commits yet
2023-11-24 08:32:17.017 [info] > git show --textconv :legged_gym/scripts/play.py [10ms]
2023-11-24 08:32:17.018 [info] > git ls-files --stage -- /home/gymuser/legged_gym/legged_gym/scripts/play.py [1ms]
2023-11-24 08:32:46.624 [info] > git log --format=%H%n%aN%n%aE%n%at%n%ct%n%P%n%D%n%B -z -n120 -- /home/gymuser/legged_gym/legged_gym/__init__.py [4ms]
2023-11-24 08:32:46.624 [info] fatal: your current branch 'master' does not have any commits yet
2023-11-24 08:32:46.805 [info] > git show --textconv :legged_gym/__init__.py [12ms]
2023-11-24 08:32:46.807 [info] > git ls-files --stage -- /home/gymuser/legged_gym/legged_gym/__init__.py [3ms]
2023-11-24 08:32:56.586 [info] > git log --format=%H%n%aN%n%aE%n%at%n%ct%n%P%n%D%n%B -z -n120 -- /home/gymuser/legged_gym/legged_gym/scripts/play.py [4ms]
2023-11-24 08:32:56.586 [info] fatal: your current branch 'master' does not have any commits yet
2023-11-24 08:32:56.772 [info] > git show --textconv :legged_gym/scripts/play.py [15ms]
2023-11-24 08:32:56.773 [info] > git ls-files --stage -- /home/gymuser/legged_gym/legged_gym/scripts/play.py [1ms]
2023-11-24 08:33:39.380 [info] No remotes found in the git config file.
2023-11-24 08:33:39.381 [info] > git config --get commit.template [11ms]
2023-11-24 08:33:39.381 [info] > git for-each-ref --format=%(refname)%00%(upstream:short)%00%(objectname)%00%(upstream:track)%00%(upstream:remotename)%00%(upstream:remoteref) refs/heads/master refs/remotes/master [1ms]
2023-11-24 08:33:39.394 [info] > git status -z -uall [3ms]
2023-11-24 08:33:56.789 [info] No remotes found in the git config file.
2023-11-24 08:33:56.790 [info] > git config --get commit.template [13ms]
2023-11-24 08:33:56.791 [info] > git for-each-ref --format=%(refname)%00%(upstream:short)%00%(objectname)%00%(upstream:track)%00%(upstream:remotename)%00%(upstream:remoteref) refs/heads/master refs/remotes/master [2ms]
2023-11-24 08:33:56.805 [info] > git status -z -uall [4ms]
2023-11-24 08:34:05.095 [info] > git check-ignore -v -z --stdin [1ms]
2023-11-24 08:34:19.387 [info] > git log --format=%H%n%aN%n%aE%n%at%n%ct%n%P%n%D%n%B -z -n120 -- /home/gymuser/a/metrics.png [2ms]
2023-11-24 08:34:24.473 [info] > git log --format=%H%n%aN%n%aE%n%at%n%ct%n%P%n%D%n%B -z -n120 -- /home/gymuser/legged_gym/legged_gym/scripts/play.py [4ms]
2023-11-24 08:34:24.473 [info] fatal: your current branch 'master' does not have any commits yet
2023-11-24 08:34:24.677 [info] > git show --textconv :legged_gym/scripts/play.py [11ms]
2023-11-24 08:34:24.678 [info] > git ls-files --stage -- /home/gymuser/legged_gym/legged_gym/scripts/play.py [2ms]
