2023-11-25 10:55:59.604 [info] Log level: Info
2023-11-25 10:55:59.604 [info] Validating found git in: "git"
2023-11-25 10:55:59.604 [info] Using git "2.25.1" from "git"
2023-11-25 10:55:59.604 [info] > git rev-parse --show-toplevel [6ms]
2023-11-25 10:55:59.604 [info] > git rev-parse --git-dir --git-common-dir [35ms]
2023-11-25 10:55:59.604 [info] Open repository: /home/gymuser
2023-11-25 10:55:59.606 [info] > git rev-parse --show-toplevel [3ms]
2023-11-25 10:55:59.607 [info] > git config --get commit.template [11ms]
2023-11-25 10:55:59.624 [info] > git rev-parse --git-dir --git-common-dir [9ms]
2023-11-25 10:55:59.628 [info] Open repository: /home/gymuser/legged_gym
2023-11-25 10:55:59.645 [info] > git for-each-ref --format=%(refname)%00%(upstream:short)%00%(objectname)%00%(upstream:track)%00%(upstream:remotename)%00%(upstream:remoteref) refs/heads/master refs/remotes/master [22ms]
2023-11-25 10:55:59.654 [info] > git rev-parse --show-toplevel [12ms]
2023-11-25 10:55:59.654 [info] > git config --get commit.template [18ms]
2023-11-25 10:55:59.667 [info] No remotes found in the git config file.
2023-11-25 10:55:59.669 [info] > git for-each-ref --format=%(refname)%00%(upstream:short)%00%(objectname)%00%(upstream:track)%00%(upstream:remotename)%00%(upstream:remoteref) refs/heads/master refs/remotes/master [2ms]
2023-11-25 10:55:59.675 [info] > git rev-parse --show-toplevel [14ms]
2023-11-25 10:55:59.685 [info] > git status -z -uall [10ms]
2023-11-25 10:55:59.685 [info] > git rev-parse --show-toplevel [3ms]
2023-11-25 10:55:59.713 [info] > git rev-parse --show-toplevel [8ms]
2023-11-25 10:55:59.714 [info] > git config --get commit.template [2ms]
2023-11-25 10:55:59.727 [info] No remotes found in the git config file.
2023-11-25 10:55:59.765 [info] > git for-each-ref --format=%(refname)%00%(upstream:short)%00%(objectname)%00%(upstream:track)%00%(upstream:remotename)%00%(upstream:remoteref) refs/heads/master refs/remotes/master [38ms]
2023-11-25 10:55:59.775 [info] > git rev-parse --show-toplevel [54ms]
2023-11-25 10:55:59.784 [info] > git status -z -uall [10ms]
2023-11-25 10:55:59.792 [info] > git rev-parse --show-toplevel [9ms]
2023-11-25 10:55:59.810 [info] > git status -z -uall [158ms] (cancelled)
2023-11-25 10:55:59.811 [info] > git rev-parse --show-toplevel [8ms]
2023-11-25 10:55:59.827 [info] > git rev-parse --show-toplevel [5ms]
2023-11-25 10:55:59.837 [info] > git rev-parse --git-dir --git-common-dir [1ms]
2023-11-25 10:55:59.841 [info] Open repository: /home/gymuser/rsl_rl
2023-11-25 10:55:59.861 [info] > git config --get commit.template [10ms]
2023-11-25 10:55:59.861 [info] > git for-each-ref --format=%(refname)%00%(upstream:short)%00%(objectname)%00%(upstream:track)%00%(upstream:remotename)%00%(upstream:remoteref) refs/heads/master refs/remotes/master [2ms]
2023-11-25 10:55:59.872 [info] > git status -z -uall [2ms]
2023-11-25 10:55:59.915 [info] > git config --get commit.template [29ms]
2023-11-25 10:55:59.927 [info] > git for-each-ref --format=%(refname)%00%(upstream:short)%00%(objectname)%00%(upstream:track)%00%(upstream:remotename)%00%(upstream:remoteref) refs/heads/master refs/remotes/master [2ms]
2023-11-25 10:55:59.938 [info] > git status -z -uall [2ms]
2023-11-25 10:56:00.169 [info] > git show --textconv :play.sh [8ms]
2023-11-25 10:56:00.170 [info] > git ls-files --stage -- /home/gymuser/legged_gym/play.sh [2ms]
2023-11-25 10:56:00.403 [info] > git check-ignore -v -z --stdin [18ms]
2023-11-25 10:56:00.404 [info] > git check-ignore -v -z --stdin [9ms]
2023-11-25 10:56:00.409 [info] > git check-ignore -v -z --stdin [7ms]
2023-11-25 10:56:08.680 [info] > git for-each-ref --format=%(refname)%00%(upstream:short)%00%(objectname)%00%(upstream:track)%00%(upstream:remotename)%00%(upstream:remoteref) refs/heads/master refs/remotes/master [3ms]
2023-11-25 10:56:08.680 [info] > git config --get commit.template [12ms]
2023-11-25 10:56:09.350 [info] > git status -z -uall [661ms] (cancelled)
2023-11-25 10:56:18.795 [info] No remotes found in the git config file.
2023-11-25 10:56:18.813 [info] > git config --get commit.template [19ms]
2023-11-25 10:56:18.814 [info] > git for-each-ref --format=%(refname)%00%(upstream:short)%00%(objectname)%00%(upstream:track)%00%(upstream:remotename)%00%(upstream:remoteref) refs/heads/master refs/remotes/master [2ms]
2023-11-25 10:56:18.833 [info] > git status -z -uall [4ms]
2023-11-25 10:56:25.398 [info] > git show --textconv :legged_gym/scripts/play.py [31ms]
2023-11-25 10:56:25.400 [info] > git ls-files --stage -- /home/gymuser/legged_gym/legged_gym/scripts/play.py [22ms]
2023-11-25 10:56:26.143 [info] > git check-ignore -v -z --stdin [5ms]
2023-11-25 10:56:56.546 [info] No remotes found in the git config file.
2023-11-25 10:56:56.547 [info] > git config --get commit.template [15ms]
2023-11-25 10:56:56.548 [info] > git for-each-ref --format=%(refname)%00%(upstream:short)%00%(objectname)%00%(upstream:track)%00%(upstream:remotename)%00%(upstream:remoteref) refs/heads/master refs/remotes/master [2ms]
2023-11-25 10:56:56.567 [info] > git status -z -uall [4ms]
2023-11-25 10:57:41.392 [info] No remotes found in the git config file.
2023-11-25 10:57:41.393 [info] > git config --get commit.template [12ms]
2023-11-25 10:57:41.393 [info] > git for-each-ref --format=%(refname)%00%(upstream:short)%00%(objectname)%00%(upstream:track)%00%(upstream:remotename)%00%(upstream:remoteref) refs/heads/master refs/remotes/master [1ms]
2023-11-25 10:57:41.409 [info] > git status -z -uall [3ms]
2023-11-25 10:58:16.623 [info] No remotes found in the git config file.
2023-11-25 10:58:16.624 [info] > git config --get commit.template [16ms]
2023-11-25 10:58:16.624 [info] > git for-each-ref --format=%(refname)%00%(upstream:short)%00%(objectname)%00%(upstream:track)%00%(upstream:remotename)%00%(upstream:remoteref) refs/heads/master refs/remotes/master [2ms]
2023-11-25 10:58:16.640 [info] > git status -z -uall [3ms]
2023-11-25 10:59:17.297 [info] > git config --get commit.template [1ms]
2023-11-25 10:59:17.310 [info] No remotes found in the git config file.
2023-11-25 10:59:17.312 [info] > git for-each-ref --format=%(refname)%00%(upstream:short)%00%(objectname)%00%(upstream:track)%00%(upstream:remotename)%00%(upstream:remoteref) refs/heads/master refs/remotes/master [2ms]
2023-11-25 10:59:17.328 [info] > git status -z -uall [3ms]
2023-11-25 10:59:30.333 [info] No remotes found in the git config file.
2023-11-25 10:59:30.334 [info] > git config --get commit.template [14ms]
2023-11-25 10:59:30.334 [info] > git for-each-ref --format=%(refname)%00%(upstream:short)%00%(objectname)%00%(upstream:track)%00%(upstream:remotename)%00%(upstream:remoteref) refs/heads/master refs/remotes/master [1ms]
2023-11-25 10:59:30.351 [info] > git status -z -uall [4ms]
2023-11-25 10:59:32.147 [info] > git check-ignore -v -z --stdin [1ms]
2023-11-25 10:59:35.647 [info] > git check-ignore -v -z --stdin [1ms]
2023-11-25 10:59:44.318 [info] > git check-ignore -v -z --stdin [1ms]
2023-11-25 10:59:45.188 [info] > git check-ignore -v -z --stdin [2ms]
2023-11-25 10:59:49.160 [info] > git check-ignore -v -z --stdin [2ms]
2023-11-25 10:59:49.890 [info] > git check-ignore -v -z --stdin [1ms]
2023-11-25 10:59:54.429 [info] > git show --textconv :play.sh [14ms]
2023-11-25 10:59:54.430 [info] > git ls-files --stage -- /home/gymuser/legged_gym/play.sh [2ms]
2023-11-25 11:00:14.582 [info] > git check-ignore -v -z --stdin [2ms]
2023-11-25 11:00:16.789 [info] > git check-ignore -v -z --stdin [1ms]
2023-11-25 11:00:38.584 [info] > git check-ignore -v -z --stdin [1ms]
2023-11-25 11:01:33.662 [info] > git show --textconv :legged_gym/envs/base/legged_robot.py [14ms]
2023-11-25 11:01:33.663 [info] > git ls-files --stage -- /home/gymuser/legged_gym/legged_gym/envs/base/legged_robot.py [2ms]
2023-11-25 11:01:34.029 [info] > git check-ignore -v -z --stdin [1ms]
2023-11-25 11:01:37.132 [info] > git show --textconv :legged_gym/scripts/play.py [16ms]
2023-11-25 11:01:37.133 [info] > git ls-files --stage -- /home/gymuser/legged_gym/legged_gym/scripts/play.py [1ms]
2023-11-25 11:02:01.071 [info] No remotes found in the git config file.
2023-11-25 11:02:01.072 [info] > git config --get commit.template [14ms]
2023-11-25 11:02:01.072 [info] > git for-each-ref --format=%(refname)%00%(upstream:short)%00%(objectname)%00%(upstream:track)%00%(upstream:remotename)%00%(upstream:remoteref) refs/heads/master refs/remotes/master [1ms]
2023-11-25 11:02:01.088 [info] > git status -z -uall [3ms]
2023-11-25 11:02:15.685 [info] > git show --textconv :legged_gym/utils/logger.py [15ms]
2023-11-25 11:02:15.686 [info] > git ls-files --stage -- /home/gymuser/legged_gym/legged_gym/utils/logger.py [2ms]
2023-11-25 11:02:16.126 [info] > git check-ignore -v -z --stdin [1ms]
2023-11-25 11:03:16.711 [info] No remotes found in the git config file.
2023-11-25 11:03:16.712 [info] > git config --get commit.template [13ms]
2023-11-25 11:03:16.712 [info] > git for-each-ref --format=%(refname)%00%(upstream:short)%00%(objectname)%00%(upstream:track)%00%(upstream:remotename)%00%(upstream:remoteref) refs/heads/master refs/remotes/master [2ms]
2023-11-25 11:03:16.730 [info] > git status -z -uall [3ms]
2023-11-25 11:03:17.923 [info] > git show --textconv :legged_gym/scripts/play.py [17ms]
2023-11-25 11:03:17.924 [info] > git ls-files --stage -- /home/gymuser/legged_gym/legged_gym/scripts/play.py [3ms]
2023-11-25 11:03:31.132 [info] No remotes found in the git config file.
2023-11-25 11:03:31.133 [info] > git config --get commit.template [12ms]
2023-11-25 11:03:31.133 [info] > git for-each-ref --format=%(refname)%00%(upstream:short)%00%(objectname)%00%(upstream:track)%00%(upstream:remotename)%00%(upstream:remoteref) refs/heads/master refs/remotes/master [1ms]
2023-11-25 11:03:31.147 [info] > git status -z -uall [3ms]
2023-11-25 11:03:36.177 [info] No remotes found in the git config file.
2023-11-25 11:03:36.178 [info] > git config --get commit.template [13ms]
2023-11-25 11:03:36.179 [info] > git for-each-ref --format=%(refname)%00%(upstream:short)%00%(objectname)%00%(upstream:track)%00%(upstream:remotename)%00%(upstream:remoteref) refs/heads/master refs/remotes/master [2ms]
2023-11-25 11:03:36.196 [info] > git status -z -uall [3ms]
2023-11-25 11:03:51.672 [info] No remotes found in the git config file.
2023-11-25 11:03:51.673 [info] > git config --get commit.template [14ms]
2023-11-25 11:03:51.674 [info] > git for-each-ref --format=%(refname)%00%(upstream:short)%00%(objectname)%00%(upstream:track)%00%(upstream:remotename)%00%(upstream:remoteref) refs/heads/master refs/remotes/master [1ms]
2023-11-25 11:03:51.690 [info] > git status -z -uall [3ms]
2023-11-25 11:07:03.407 [info] > git show --textconv :legged_gym/envs/base/legged_robot_config.py [49ms]
2023-11-25 11:07:03.408 [info] > git ls-files --stage -- /home/gymuser/legged_gym/legged_gym/envs/base/legged_robot_config.py [3ms]
2023-11-25 11:07:04.474 [info] > git show --textconv :legged_gym/utils/logger.py [13ms]
2023-11-25 11:07:04.475 [info] > git ls-files --stage -- /home/gymuser/legged_gym/legged_gym/utils/logger.py [1ms]
2023-11-25 11:07:05.720 [info] > git show --textconv :legged_gym/scripts/play.py [14ms]
2023-11-25 11:07:05.721 [info] > git ls-files --stage -- /home/gymuser/legged_gym/legged_gym/scripts/play.py [2ms]
2023-11-25 11:07:10.064 [info] > git show --textconv :legged_gym/utils/helpers.py [14ms]
2023-11-25 11:07:10.065 [info] > git ls-files --stage -- /home/gymuser/legged_gym/legged_gym/utils/helpers.py [2ms]
2023-11-25 11:07:12.769 [info] > git show --textconv :rsl_rl/runners/on_policy_runner.py [17ms]
2023-11-25 11:07:12.770 [info] > git ls-files --stage -- /home/gymuser/rsl_rl/rsl_rl/runners/on_policy_runner.py [2ms]
2023-11-25 11:07:12.786 [info] > git cat-file -s e11ae4d1f0454f64b089f426754ee4c214cf8f76 [2ms]
2023-11-25 11:07:13.197 [info] > git check-ignore -v -z --stdin [2ms]
2023-11-25 11:07:13.918 [info] > git show --textconv :play.sh [16ms]
2023-11-25 11:07:13.918 [info] > git ls-files --stage -- /home/gymuser/legged_gym/play.sh [2ms]
2023-11-25 11:07:14.723 [info] > git show --textconv :legged_gym/utils/logger.py [13ms]
2023-11-25 11:07:14.724 [info] > git ls-files --stage -- /home/gymuser/legged_gym/legged_gym/utils/logger.py [2ms]
2023-11-25 11:07:15.581 [info] > git show --textconv :legged_gym/scripts/play.py [14ms]
2023-11-25 11:07:15.582 [info] > git ls-files --stage -- /home/gymuser/legged_gym/legged_gym/scripts/play.py [1ms]
2023-11-25 11:07:20.106 [info] > git show --textconv :legged_gym/envs/base/legged_robot_config.py [12ms]
2023-11-25 11:07:20.121 [info] > git ls-files --stage -- /home/gymuser/legged_gym/legged_gym/envs/base/legged_robot_config.py [16ms]
2023-11-25 11:07:22.792 [info] > git show --textconv :legged_gym/envs/base/legged_robot.py [12ms]
2023-11-25 11:07:22.794 [info] > git ls-files --stage -- /home/gymuser/legged_gym/legged_gym/envs/base/legged_robot.py [2ms]
2023-11-25 11:07:31.048 [info] > git show --textconv :legged_gym/utils/logger.py [12ms]
2023-11-25 11:07:31.049 [info] > git ls-files --stage -- /home/gymuser/legged_gym/legged_gym/utils/logger.py [1ms]
2023-11-25 11:07:33.569 [info] > git show --textconv :legged_gym/utils/helpers.py [14ms]
2023-11-25 11:07:33.570 [info] > git ls-files --stage -- /home/gymuser/legged_gym/legged_gym/utils/helpers.py [2ms]
2023-11-25 11:07:38.589 [info] > git show --textconv :legged_gym/envs/go1/go1_config.py [14ms]
2023-11-25 11:07:38.590 [info] > git ls-files --stage -- /home/gymuser/legged_gym/legged_gym/envs/go1/go1_config.py [2ms]
2023-11-25 11:07:40.701 [info] > git show --textconv :legged_gym/utils/helpers.py [12ms]
2023-11-25 11:07:40.702 [info] > git ls-files --stage -- /home/gymuser/legged_gym/legged_gym/utils/helpers.py [1ms]
2023-11-25 11:08:00.357 [info] > git show --textconv :run.sh [14ms]
2023-11-25 11:08:00.358 [info] > git ls-files --stage -- /home/gymuser/legged_gym/run.sh [2ms]
2023-11-25 11:08:02.639 [info] > git show --textconv :rsl_rl/runners/on_policy_runner.py [14ms]
2023-11-25 11:08:02.640 [info] > git ls-files --stage -- /home/gymuser/rsl_rl/rsl_rl/runners/on_policy_runner.py [2ms]
2023-11-25 11:08:02.668 [info] > git cat-file -s e11ae4d1f0454f64b089f426754ee4c214cf8f76 [15ms]
2023-11-25 11:08:03.899 [info] > git show --textconv :legged_gym/utils/logger.py [14ms]
2023-11-25 11:08:03.900 [info] > git ls-files --stage -- /home/gymuser/legged_gym/legged_gym/utils/logger.py [2ms]
2023-11-25 11:08:04.505 [info] > git show --textconv :play.sh [13ms]
2023-11-25 11:08:04.506 [info] > git ls-files --stage -- /home/gymuser/legged_gym/play.sh [2ms]
2023-11-25 11:08:05.836 [info] > git show --textconv :legged_gym/scripts/play.py [15ms]
2023-11-25 11:08:05.837 [info] > git ls-files --stage -- /home/gymuser/legged_gym/legged_gym/scripts/play.py [2ms]
2023-11-25 11:08:06.714 [info] > git show --textconv :legged_gym/scripts/train.py [14ms]
2023-11-25 11:08:06.715 [info] > git ls-files --stage -- /home/gymuser/legged_gym/legged_gym/scripts/train.py [2ms]
2023-11-25 11:08:08.045 [info] > git show --textconv :legged_gym/scripts/play.py [14ms]
2023-11-25 11:08:08.045 [info] > git ls-files --stage -- /home/gymuser/legged_gym/legged_gym/scripts/play.py [4ms]
2023-11-25 11:08:34.314 [info] > git show --textconv :legged_gym/scripts/train.py [13ms]
2023-11-25 11:08:34.316 [info] > git ls-files --stage -- /home/gymuser/legged_gym/legged_gym/scripts/train.py [2ms]
2023-11-25 11:08:35.326 [info] > git show --textconv :legged_gym/scripts/play.py [14ms]
2023-11-25 11:08:35.326 [info] > git ls-files --stage -- /home/gymuser/legged_gym/legged_gym/scripts/play.py [1ms]
2023-11-25 11:08:36.428 [info] > git show --textconv :legged_gym/utils/logger.py [13ms]
2023-11-25 11:08:36.429 [info] > git ls-files --stage -- /home/gymuser/legged_gym/legged_gym/utils/logger.py [2ms]
2023-11-25 11:08:37.408 [info] > git show --textconv :legged_gym/scripts/play.py [16ms]
2023-11-25 11:08:37.408 [info] > git ls-files --stage -- /home/gymuser/legged_gym/legged_gym/scripts/play.py [1ms]
2023-11-25 11:08:45.248 [info] > git check-ignore -v -z --stdin [15ms]
2023-11-25 11:08:45.248 [info] > git check-ignore -v -z --stdin [2ms]
2023-11-25 11:08:50.410 [info] > git check-ignore -v -z --stdin [15ms]
2023-11-25 11:08:50.411 [info] > git check-ignore -v -z --stdin [2ms]
2023-11-25 11:09:00.559 [info] > git show --textconv :rsl_rl/env/vec_env.py [15ms]
2023-11-25 11:09:00.560 [info] > git ls-files --stage -- /home/gymuser/rsl_rl/rsl_rl/env/vec_env.py [1ms]
2023-11-25 11:09:00.576 [info] > git cat-file -s 6a7ef1b60b323f4eb04ebec004c0ff69297b773a [2ms]
2023-11-25 11:09:35.911 [info] > git show --textconv :legged_gym/envs/base/legged_robot.py [13ms]
2023-11-25 11:09:35.911 [info] > git ls-files --stage -- /home/gymuser/legged_gym/legged_gym/envs/base/legged_robot.py [1ms]
2023-11-25 11:10:06.473 [info] > git show --textconv :legged_gym/scripts/train.py [16ms]
2023-11-25 11:10:06.474 [info] > git ls-files --stage -- /home/gymuser/legged_gym/legged_gym/scripts/train.py [2ms]
2023-11-25 11:10:07.080 [info] > git show --textconv :legged_gym/scripts/play.py [13ms]
2023-11-25 11:10:07.081 [info] > git ls-files --stage -- /home/gymuser/legged_gym/legged_gym/scripts/play.py [2ms]
2023-11-25 11:10:08.958 [info] > git show --textconv :legged_gym/envs/base/legged_robot_config.py [13ms]
2023-11-25 11:10:08.959 [info] > git ls-files --stage -- /home/gymuser/legged_gym/legged_gym/envs/base/legged_robot_config.py [1ms]
2023-11-25 11:10:10.986 [info] > git show --textconv :legged_gym/envs/base/legged_robot.py [14ms]
2023-11-25 11:10:10.987 [info] > git ls-files --stage -- /home/gymuser/legged_gym/legged_gym/envs/base/legged_robot.py [1ms]
2023-11-25 11:10:18.798 [info] > git show --textconv :legged_gym/envs/base/legged_robot_config.py [15ms]
2023-11-25 11:10:18.799 [info] > git ls-files --stage -- /home/gymuser/legged_gym/legged_gym/envs/base/legged_robot_config.py [1ms]
2023-11-25 11:10:57.091 [info] > git show --textconv :rsl_rl/env/vec_env.py [16ms]
2023-11-25 11:10:57.091 [info] > git ls-files --stage -- /home/gymuser/rsl_rl/rsl_rl/env/vec_env.py [1ms]
2023-11-25 11:10:57.112 [info] > git cat-file -s 6a7ef1b60b323f4eb04ebec004c0ff69297b773a [1ms]
2023-11-25 11:10:58.440 [info] > git show --textconv :legged_gym/scripts/play.py [20ms]
2023-11-25 11:10:58.443 [info] > git ls-files --stage -- /home/gymuser/legged_gym/legged_gym/scripts/play.py [4ms]
2023-11-25 11:11:05.215 [info] > git show --textconv :legged_gym/utils/logger.py [14ms]
2023-11-25 11:11:05.215 [info] > git ls-files --stage -- /home/gymuser/legged_gym/legged_gym/utils/logger.py [1ms]
2023-11-25 11:11:07.465 [info] > git show --textconv :legged_gym/envs/base/legged_robot.py [12ms]
2023-11-25 11:11:07.466 [info] > git ls-files --stage -- /home/gymuser/legged_gym/legged_gym/envs/base/legged_robot.py [1ms]
2023-11-25 11:11:09.131 [info] > git show --textconv :legged_gym/envs/base/legged_robot_config.py [15ms]
2023-11-25 11:11:09.132 [info] > git ls-files --stage -- /home/gymuser/legged_gym/legged_gym/envs/base/legged_robot_config.py [3ms]
2023-11-25 11:11:11.385 [info] > git show --textconv :legged_gym/envs/base/legged_robot.py [12ms]
2023-11-25 11:11:11.385 [info] > git ls-files --stage -- /home/gymuser/legged_gym/legged_gym/envs/base/legged_robot.py [1ms]
2023-11-25 11:11:32.733 [info] > git show --textconv :legged_gym/envs/base/legged_robot_config.py [15ms]
2023-11-25 11:11:32.734 [info] > git ls-files --stage -- /home/gymuser/legged_gym/legged_gym/envs/base/legged_robot_config.py [1ms]
2023-11-25 11:11:34.596 [info] > git show --textconv :legged_gym/envs/base/legged_robot.py [15ms]
2023-11-25 11:11:34.597 [info] > git ls-files --stage -- /home/gymuser/legged_gym/legged_gym/envs/base/legged_robot.py [2ms]
2023-11-25 11:11:41.212 [info] > git show --textconv :legged_gym/envs/base/legged_robot_config.py [12ms]
2023-11-25 11:11:41.212 [info] > git ls-files --stage -- /home/gymuser/legged_gym/legged_gym/envs/base/legged_robot_config.py [1ms]
2023-11-25 11:11:42.518 [info] > git show --textconv :legged_gym/envs/base/legged_robot.py [13ms]
2023-11-25 11:11:42.519 [info] > git ls-files --stage -- /home/gymuser/legged_gym/legged_gym/envs/base/legged_robot.py [3ms]
2023-11-25 11:11:46.457 [info] > git show --textconv :legged_gym/envs/base/legged_robot_config.py [15ms]
2023-11-25 11:11:46.458 [info] > git ls-files --stage -- /home/gymuser/legged_gym/legged_gym/envs/base/legged_robot_config.py [2ms]
2023-11-25 11:12:05.376 [info] > git show --textconv :legged_gym/envs/base/legged_robot.py [12ms]
2023-11-25 11:12:05.377 [info] > git ls-files --stage -- /home/gymuser/legged_gym/legged_gym/envs/base/legged_robot.py [2ms]
2023-11-25 11:12:06.500 [info] > git show --textconv :legged_gym/envs/base/legged_robot_config.py [13ms]
2023-11-25 11:12:06.501 [info] > git ls-files --stage -- /home/gymuser/legged_gym/legged_gym/envs/base/legged_robot_config.py [1ms]
2023-11-25 11:12:07.478 [info] > git show --textconv :legged_gym/envs/base/legged_robot.py [17ms]
2023-11-25 11:12:07.479 [info] > git ls-files --stage -- /home/gymuser/legged_gym/legged_gym/envs/base/legged_robot.py [2ms]
2023-11-25 11:12:13.465 [info] > git show --textconv :legged_gym/envs/base/legged_robot_config.py [13ms]
2023-11-25 11:12:13.466 [info] > git ls-files --stage -- /home/gymuser/legged_gym/legged_gym/envs/base/legged_robot_config.py [2ms]
2023-11-25 11:12:14.050 [info] > git show --textconv :legged_gym/envs/base/legged_robot.py [13ms]
2023-11-25 11:12:14.051 [info] > git ls-files --stage -- /home/gymuser/legged_gym/legged_gym/envs/base/legged_robot.py [1ms]
2023-11-25 11:13:32.985 [info] > git show --textconv :legged_gym/scripts/play.py [15ms]
2023-11-25 11:13:32.986 [info] > git ls-files --stage -- /home/gymuser/legged_gym/legged_gym/scripts/play.py [2ms]
2023-11-25 11:14:06.985 [info] > git show --textconv :legged_gym/envs/base/legged_robot.py [12ms]
2023-11-25 11:14:06.986 [info] > git ls-files --stage -- /home/gymuser/legged_gym/legged_gym/envs/base/legged_robot.py [2ms]
2023-11-25 11:14:25.202 [info] > git show --textconv :legged_gym/envs/base/legged_robot_config.py [15ms]
2023-11-25 11:14:25.203 [info] > git ls-files --stage -- /home/gymuser/legged_gym/legged_gym/envs/base/legged_robot_config.py [1ms]
2023-11-25 11:15:21.291 [info] > git show --textconv :legged_gym/envs/base/legged_robot.py [14ms]
2023-11-25 11:15:21.292 [info] > git ls-files --stage -- /home/gymuser/legged_gym/legged_gym/envs/base/legged_robot.py [1ms]
2023-11-25 11:15:33.116 [info] > git show --textconv :legged_gym/envs/go1/go1_config.py [13ms]
2023-11-25 11:15:33.116 [info] > git ls-files --stage -- /home/gymuser/legged_gym/legged_gym/envs/go1/go1_config.py [1ms]
2023-11-25 11:15:41.782 [info] > git show --textconv :legged_gym/envs/base/legged_robot_config.py [12ms]
2023-11-25 11:15:41.783 [info] > git ls-files --stage -- /home/gymuser/legged_gym/legged_gym/envs/base/legged_robot_config.py [1ms]
2023-11-25 11:15:43.527 [info] > git show --textconv :legged_gym/scripts/train.py [12ms]
2023-11-25 11:15:43.528 [info] > git ls-files --stage -- /home/gymuser/legged_gym/legged_gym/scripts/train.py [2ms]
2023-11-25 11:15:44.322 [info] > git show --textconv :legged_gym/scripts/play.py [20ms]
2023-11-25 11:15:44.323 [info] > git ls-files --stage -- /home/gymuser/legged_gym/legged_gym/scripts/play.py [2ms]
2023-11-25 11:16:26.332 [info] > git show --textconv :legged_gym/envs/base/legged_robot_config.py [15ms]
2023-11-25 11:16:26.333 [info] > git ls-files --stage -- /home/gymuser/legged_gym/legged_gym/envs/base/legged_robot_config.py [2ms]
2023-11-25 11:16:39.318 [info] > git show --textconv :legged_gym/utils/helpers.py [16ms]
2023-11-25 11:16:39.319 [info] > git ls-files --stage -- /home/gymuser/legged_gym/legged_gym/utils/helpers.py [1ms]
2023-11-25 11:16:43.330 [info] > git show --textconv :legged_gym/envs/base/legged_robot_config.py [14ms]
2023-11-25 11:16:43.331 [info] > git ls-files --stage -- /home/gymuser/legged_gym/legged_gym/envs/base/legged_robot_config.py [2ms]
2023-11-25 11:16:57.885 [info] > git show --textconv :legged_gym/utils/helpers.py [17ms]
2023-11-25 11:16:57.885 [info] > git ls-files --stage -- /home/gymuser/legged_gym/legged_gym/utils/helpers.py [1ms]
2023-11-25 11:17:47.492 [info] > git show --textconv :legged_gym/envs/base/legged_robot_config.py [16ms]
2023-11-25 11:17:47.493 [info] > git ls-files --stage -- /home/gymuser/legged_gym/legged_gym/envs/base/legged_robot_config.py [1ms]
2023-11-25 11:18:02.995 [info] > git show --textconv :legged_gym/utils/helpers.py [43ms]
2023-11-25 11:18:02.995 [info] > git show --textconv :legged_gym/envs/base/legged_robot_config.py [13ms]
2023-11-25 11:18:02.996 [info] > git ls-files --stage -- /home/gymuser/legged_gym/legged_gym/envs/base/legged_robot_config.py [2ms]
2023-11-25 11:18:02.997 [info] > git ls-files --stage -- /home/gymuser/legged_gym/legged_gym/utils/helpers.py [31ms]
2023-11-25 11:19:45.608 [info] No remotes found in the git config file.
2023-11-25 11:19:45.609 [info] > git config --get commit.template [16ms]
2023-11-25 11:19:45.609 [info] > git for-each-ref --format=%(refname)%00%(upstream:short)%00%(objectname)%00%(upstream:track)%00%(upstream:remotename)%00%(upstream:remoteref) refs/heads/master refs/remotes/master [1ms]
2023-11-25 11:19:45.628 [info] > git status -z -uall [3ms]
2023-11-25 11:19:54.451 [info] > git show --textconv :legged_gym/utils/task_registry.py [16ms]
2023-11-25 11:19:54.452 [info] > git ls-files --stage -- /home/gymuser/legged_gym/legged_gym/utils/task_registry.py [3ms]
2023-11-25 11:20:30.343 [info] No remotes found in the git config file.
2023-11-25 11:20:30.344 [info] > git config --get commit.template [12ms]
2023-11-25 11:20:30.345 [info] > git for-each-ref --format=%(refname)%00%(upstream:short)%00%(objectname)%00%(upstream:track)%00%(upstream:remotename)%00%(upstream:remoteref) refs/heads/master refs/remotes/master [2ms]
2023-11-25 11:20:30.361 [info] > git status -z -uall [4ms]
2023-11-25 11:21:19.921 [info] No remotes found in the git config file.
2023-11-25 11:21:19.922 [info] > git config --get commit.template [17ms]
2023-11-25 11:21:19.922 [info] > git for-each-ref --format=%(refname)%00%(upstream:short)%00%(objectname)%00%(upstream:track)%00%(upstream:remotename)%00%(upstream:remoteref) refs/heads/master refs/remotes/master [2ms]
2023-11-25 11:21:19.941 [info] > git status -z -uall [3ms]
2023-11-25 11:22:17.613 [info] No remotes found in the git config file.
2023-11-25 11:22:17.613 [info] > git config --get commit.template [13ms]
2023-11-25 11:22:17.613 [info] > git for-each-ref --format=%(refname)%00%(upstream:short)%00%(objectname)%00%(upstream:track)%00%(upstream:remotename)%00%(upstream:remoteref) refs/heads/master refs/remotes/master [1ms]
2023-11-25 11:22:17.627 [info] > git status -z -uall [3ms]
2023-11-25 11:22:41.674 [info] No remotes found in the git config file.
2023-11-25 11:22:41.674 [info] > git config --get commit.template [15ms]
2023-11-25 11:22:41.675 [info] > git for-each-ref --format=%(refname)%00%(upstream:short)%00%(objectname)%00%(upstream:track)%00%(upstream:remotename)%00%(upstream:remoteref) refs/heads/master refs/remotes/master [2ms]
2023-11-25 11:22:41.692 [info] > git status -z -uall [3ms]
2023-11-25 11:22:57.410 [info] No remotes found in the git config file.
2023-11-25 11:22:57.411 [info] > git config --get commit.template [17ms]
2023-11-25 11:22:57.411 [info] > git for-each-ref --format=%(refname)%00%(upstream:short)%00%(objectname)%00%(upstream:track)%00%(upstream:remotename)%00%(upstream:remoteref) refs/heads/master refs/remotes/master [1ms]
2023-11-25 11:22:57.429 [info] > git status -z -uall [4ms]
2023-11-25 11:23:14.190 [info] > git show --textconv :legged_gym/utils/helpers.py [17ms]
2023-11-25 11:23:14.191 [info] > git ls-files --stage -- /home/gymuser/legged_gym/legged_gym/utils/helpers.py [2ms]
2023-11-25 11:23:37.878 [info] No remotes found in the git config file.
2023-11-25 11:23:37.879 [info] > git config --get commit.template [13ms]
2023-11-25 11:23:37.879 [info] > git for-each-ref --format=%(refname)%00%(upstream:short)%00%(objectname)%00%(upstream:track)%00%(upstream:remotename)%00%(upstream:remoteref) refs/heads/master refs/remotes/master [1ms]
2023-11-25 11:23:37.895 [info] > git status -z -uall [4ms]
2023-11-25 11:24:22.085 [info] No remotes found in the git config file.
2023-11-25 11:24:22.085 [info] > git config --get commit.template [15ms]
2023-11-25 11:24:22.086 [info] > git for-each-ref --format=%(refname)%00%(upstream:short)%00%(objectname)%00%(upstream:track)%00%(upstream:remotename)%00%(upstream:remoteref) refs/heads/master refs/remotes/master [1ms]
2023-11-25 11:24:22.105 [info] > git status -z -uall [3ms]
2023-11-25 11:24:40.316 [info] No remotes found in the git config file.
2023-11-25 11:24:40.316 [info] > git config --get commit.template [14ms]
2023-11-25 11:24:40.317 [info] > git for-each-ref --format=%(refname)%00%(upstream:short)%00%(objectname)%00%(upstream:track)%00%(upstream:remotename)%00%(upstream:remoteref) refs/heads/master refs/remotes/master [2ms]
2023-11-25 11:24:40.335 [info] > git status -z -uall [3ms]
2023-11-25 11:24:51.201 [info] No remotes found in the git config file.
2023-11-25 11:24:51.202 [info] > git config --get commit.template [17ms]
2023-11-25 11:24:51.203 [info] > git for-each-ref --format=%(refname)%00%(upstream:short)%00%(objectname)%00%(upstream:track)%00%(upstream:remotename)%00%(upstream:remoteref) refs/heads/master refs/remotes/master [2ms]
2023-11-25 11:24:51.223 [info] > git status -z -uall [3ms]
2023-11-25 11:25:11.370 [info] > git show --textconv :legged_gym/envs/base/legged_robot_config.py [15ms]
2023-11-25 11:25:11.371 [info] > git ls-files --stage -- /home/gymuser/legged_gym/legged_gym/envs/base/legged_robot_config.py [1ms]
2023-11-25 11:25:13.716 [info] > git show --textconv :play.sh [12ms]
2023-11-25 11:25:13.717 [info] > git ls-files --stage -- /home/gymuser/legged_gym/play.sh [1ms]
2023-11-25 11:25:23.963 [info] No remotes found in the git config file.
2023-11-25 11:25:23.964 [info] > git config --get commit.template [13ms]
2023-11-25 11:25:23.964 [info] > git for-each-ref --format=%(refname)%00%(upstream:short)%00%(objectname)%00%(upstream:track)%00%(upstream:remotename)%00%(upstream:remoteref) refs/heads/master refs/remotes/master [1ms]
2023-11-25 11:25:23.979 [info] > git status -z -uall [3ms]
2023-11-25 11:25:32.677 [info] No remotes found in the git config file.
2023-11-25 11:25:32.691 [info] > git config --get commit.template [15ms]
2023-11-25 11:25:32.692 [info] > git for-each-ref --format=%(refname)%00%(upstream:short)%00%(objectname)%00%(upstream:track)%00%(upstream:remotename)%00%(upstream:remoteref) refs/heads/master refs/remotes/master [1ms]
2023-11-25 11:25:32.709 [info] > git status -z -uall [3ms]
2023-11-25 11:26:00.701 [info] No remotes found in the git config file.
2023-11-25 11:26:00.702 [info] > git config --get commit.template [15ms]
2023-11-25 11:26:00.703 [info] > git for-each-ref --format=%(refname)%00%(upstream:short)%00%(objectname)%00%(upstream:track)%00%(upstream:remotename)%00%(upstream:remoteref) refs/heads/master refs/remotes/master [2ms]
2023-11-25 11:26:00.719 [info] > git status -z -uall [3ms]
2023-11-25 11:26:14.592 [info] > git show --textconv :legged_gym/scripts/play.py [15ms]
2023-11-25 11:26:14.593 [info] > git ls-files --stage -- /home/gymuser/legged_gym/legged_gym/scripts/play.py [2ms]
2023-11-25 11:26:56.865 [info] > git show --textconv :legged_gym/utils/logger.py [11ms]
2023-11-25 11:26:56.866 [info] > git ls-files --stage -- /home/gymuser/legged_gym/legged_gym/utils/logger.py [1ms]
2023-11-25 11:27:12.667 [info] > git show --textconv :legged_gym/scripts/play.py [11ms]
2023-11-25 11:27:12.667 [info] > git ls-files --stage -- /home/gymuser/legged_gym/legged_gym/scripts/play.py [1ms]
2023-11-25 11:27:38.086 [info] > git show --textconv :legged_gym/utils/logger.py [13ms]
2023-11-25 11:27:38.088 [info] > git ls-files --stage -- /home/gymuser/legged_gym/legged_gym/utils/logger.py [3ms]
2023-11-25 11:27:43.169 [info] > git show --textconv :legged_gym/scripts/play.py [16ms]
2023-11-25 11:27:43.170 [info] > git ls-files --stage -- /home/gymuser/legged_gym/legged_gym/scripts/play.py [2ms]
2023-11-25 11:27:45.913 [info] > git show --textconv :legged_gym/utils/logger.py [19ms]
2023-11-25 11:27:45.914 [info] > git ls-files --stage -- /home/gymuser/legged_gym/legged_gym/utils/logger.py [2ms]
2023-11-25 11:29:20.173 [info] No remotes found in the git config file.
2023-11-25 11:29:20.173 [info] > git config --get commit.template [14ms]
2023-11-25 11:29:20.175 [info] > git for-each-ref --format=%(refname)%00%(upstream:short)%00%(objectname)%00%(upstream:track)%00%(upstream:remotename)%00%(upstream:remoteref) refs/heads/master refs/remotes/master [3ms]
2023-11-25 11:29:20.192 [info] > git status -z -uall [3ms]
2023-11-25 11:29:24.197 [info] > git show --textconv :legged_gym/envs/base/legged_robot.py [15ms]
2023-11-25 11:29:24.198 [info] > git ls-files --stage -- /home/gymuser/legged_gym/legged_gym/envs/base/legged_robot.py [2ms]
2023-11-25 11:29:28.361 [info] > git show --textconv :legged_gym/envs/go1/go1_config.py [14ms]
2023-11-25 11:29:28.361 [info] > git ls-files --stage -- /home/gymuser/legged_gym/legged_gym/envs/go1/go1_config.py [1ms]
2023-11-25 11:29:32.733 [info] > git show --textconv :play.sh [14ms]
2023-11-25 11:29:32.734 [info] > git ls-files --stage -- /home/gymuser/legged_gym/play.sh [2ms]
2023-11-25 11:29:43.585 [info] > git show --textconv :legged_gym/scripts/train.py [16ms]
2023-11-25 11:29:43.586 [info] > git ls-files --stage -- /home/gymuser/legged_gym/legged_gym/scripts/train.py [2ms]
2023-11-25 11:29:45.799 [info] > git show --textconv :legged_gym/scripts/play.py [15ms]
2023-11-25 11:29:45.800 [info] > git ls-files --stage -- /home/gymuser/legged_gym/legged_gym/scripts/play.py [1ms]
2023-11-25 11:30:33.705 [info] No remotes found in the git config file.
2023-11-25 11:30:33.705 [info] > git config --get commit.template [14ms]
2023-11-25 11:30:33.706 [info] > git for-each-ref --format=%(refname)%00%(upstream:short)%00%(objectname)%00%(upstream:track)%00%(upstream:remotename)%00%(upstream:remoteref) refs/heads/master refs/remotes/master [1ms]
2023-11-25 11:30:33.723 [info] > git status -z -uall [4ms]
2023-11-25 11:30:59.108 [info] No remotes found in the git config file.
2023-11-25 11:30:59.108 [info] > git config --get commit.template [14ms]
2023-11-25 11:30:59.109 [info] > git for-each-ref --format=%(refname)%00%(upstream:short)%00%(objectname)%00%(upstream:track)%00%(upstream:remotename)%00%(upstream:remoteref) refs/heads/master refs/remotes/master [1ms]
2023-11-25 11:30:59.127 [info] > git status -z -uall [4ms]
2023-11-25 11:32:22.690 [info] > git config --get commit.template [2ms]
2023-11-25 11:32:22.703 [info] No remotes found in the git config file.
2023-11-25 11:32:22.705 [info] > git for-each-ref --format=%(refname)%00%(upstream:short)%00%(objectname)%00%(upstream:track)%00%(upstream:remotename)%00%(upstream:remoteref) refs/heads/master refs/remotes/master [2ms]
2023-11-25 11:32:22.721 [info] > git status -z -uall [3ms]
2023-11-25 11:37:42.970 [info] No remotes found in the git config file.
2023-11-25 11:37:42.970 [info] > git config --get commit.template [15ms]
2023-11-25 11:37:42.971 [info] > git for-each-ref --format=%(refname)%00%(upstream:short)%00%(objectname)%00%(upstream:track)%00%(upstream:remotename)%00%(upstream:remoteref) refs/heads/master refs/remotes/master [2ms]
2023-11-25 11:37:42.986 [info] > git status -z -uall [3ms]
2023-11-25 11:41:17.680 [info] > git show --textconv :legged_gym/scripts/play.py [13ms]
2023-11-25 11:41:17.681 [info] > git ls-files --stage -- /home/gymuser/legged_gym/legged_gym/scripts/play.py [2ms]
2023-11-25 11:49:04.179 [info] > git show --textconv :legged_gym/utils/logger.py [13ms]
2023-11-25 11:49:04.180 [info] > git ls-files --stage -- /home/gymuser/legged_gym/legged_gym/utils/logger.py [2ms]
2023-11-25 11:49:07.664 [info] > git show --textconv :legged_gym/envs/base/legged_robot.py [14ms]
2023-11-25 11:49:07.665 [info] > git ls-files --stage -- /home/gymuser/legged_gym/legged_gym/envs/base/legged_robot.py [2ms]
2023-11-25 11:50:48.480 [info] > git show --textconv :legged_gym/scripts/play.py [16ms]
2023-11-25 11:50:48.481 [info] > git ls-files --stage -- /home/gymuser/legged_gym/legged_gym/scripts/play.py [1ms]
2023-11-25 11:54:17.359 [info] > git show --textconv :play.sh [14ms]
2023-11-25 11:54:17.360 [info] > git ls-files --stage -- /home/gymuser/legged_gym/play.sh [1ms]
2023-11-25 11:54:20.650 [info] > git show --textconv :play copy.sh [16ms]
2023-11-25 11:54:20.650 [info] > git ls-files --stage -- /home/gymuser/legged_gym/play copy.sh [1ms]
2023-11-25 11:54:20.903 [info] > git check-ignore -v -z --stdin [2ms]
2023-11-25 11:54:21.514 [info] > git show --textconv :play copy 2.sh [16ms]
2023-11-25 11:54:21.515 [info] > git ls-files --stage -- /home/gymuser/legged_gym/play copy 2.sh [2ms]
2023-11-25 11:54:21.775 [info] > git check-ignore -v -z --stdin [1ms]
2023-11-25 11:54:22.366 [info] No remotes found in the git config file.
2023-11-25 11:54:22.380 [info] > git config --get commit.template [15ms]
2023-11-25 11:54:22.381 [info] > git for-each-ref --format=%(refname)%00%(upstream:short)%00%(objectname)%00%(upstream:track)%00%(upstream:remotename)%00%(upstream:remoteref) refs/heads/master refs/remotes/master [1ms]
2023-11-25 11:54:22.399 [info] > git status -z -uall [3ms]
2023-11-25 11:54:44.960 [info] > git show --textconv :play copy.sh [17ms]
2023-11-25 11:54:44.961 [info] > git ls-files --stage -- /home/gymuser/legged_gym/play copy.sh [2ms]
2023-11-25 11:54:45.862 [info] No remotes found in the git config file.
2023-11-25 11:54:45.863 [info] > git config --get commit.template [19ms]
2023-11-25 11:54:45.863 [info] > git for-each-ref --format=%(refname)%00%(upstream:short)%00%(objectname)%00%(upstream:track)%00%(upstream:remotename)%00%(upstream:remoteref) refs/heads/master refs/remotes/master [1ms]
2023-11-25 11:54:45.883 [info] > git status -z -uall [3ms]
2023-11-25 11:54:53.249 [info] > git show --textconv :play_acc.sh [12ms]
2023-11-25 11:54:53.250 [info] > git ls-files --stage -- /home/gymuser/legged_gym/play_acc.sh [2ms]
2023-11-25 11:54:53.528 [info] > git check-ignore -v -z --stdin [2ms]
2023-11-25 11:54:54.146 [info] No remotes found in the git config file.
2023-11-25 11:54:54.147 [info] > git config --get commit.template [17ms]
2023-11-25 11:54:54.147 [info] > git for-each-ref --format=%(refname)%00%(upstream:short)%00%(objectname)%00%(upstream:track)%00%(upstream:remotename)%00%(upstream:remoteref) refs/heads/master refs/remotes/master [1ms]
2023-11-25 11:54:54.164 [info] > git status -z -uall [3ms]
2023-11-25 11:54:59.210 [info] No remotes found in the git config file.
2023-11-25 11:54:59.210 [info] > git config --get commit.template [17ms]
2023-11-25 11:54:59.211 [info] > git for-each-ref --format=%(refname)%00%(upstream:short)%00%(objectname)%00%(upstream:track)%00%(upstream:remotename)%00%(upstream:remoteref) refs/heads/master refs/remotes/master [1ms]
2023-11-25 11:54:59.230 [info] > git status -z -uall [3ms]
2023-11-25 11:55:10.386 [info] No remotes found in the git config file.
2023-11-25 11:55:10.387 [info] > git config --get commit.template [13ms]
2023-11-25 11:55:10.387 [info] > git for-each-ref --format=%(refname)%00%(upstream:short)%00%(objectname)%00%(upstream:track)%00%(upstream:remotename)%00%(upstream:remoteref) refs/heads/master refs/remotes/master [1ms]
2023-11-25 11:55:10.402 [info] > git status -z -uall [4ms]
2023-11-25 11:55:24.041 [info] > git show --textconv :play.sh [19ms]
2023-11-25 11:55:24.042 [info] > git ls-files --stage -- /home/gymuser/legged_gym/play.sh [1ms]
2023-11-25 11:55:29.737 [info] > git show --textconv :legged_gym/scripts/play.py [16ms]
2023-11-25 11:55:29.738 [info] > git ls-files --stage -- /home/gymuser/legged_gym/legged_gym/scripts/play.py [2ms]
2023-11-25 11:59:10.958 [info] No remotes found in the git config file.
2023-11-25 11:59:10.959 [info] > git config --get commit.template [12ms]
2023-11-25 11:59:10.960 [info] > git for-each-ref --format=%(refname)%00%(upstream:short)%00%(objectname)%00%(upstream:track)%00%(upstream:remotename)%00%(upstream:remoteref) refs/heads/master refs/remotes/master [2ms]
2023-11-25 11:59:10.973 [info] > git status -z -uall [3ms]
2023-11-25 11:59:25.389 [info] No remotes found in the git config file.
2023-11-25 11:59:25.389 [info] > git config --get commit.template [18ms]
2023-11-25 11:59:25.390 [info] > git for-each-ref --format=%(refname)%00%(upstream:short)%00%(objectname)%00%(upstream:track)%00%(upstream:remotename)%00%(upstream:remoteref) refs/heads/master refs/remotes/master [1ms]
2023-11-25 11:59:25.412 [info] > git status -z -uall [4ms]
2023-11-25 11:59:33.347 [info] No remotes found in the git config file.
2023-11-25 11:59:33.349 [info] > git for-each-ref --format=%(refname)%00%(upstream:short)%00%(objectname)%00%(upstream:track)%00%(upstream:remotename)%00%(upstream:remoteref) refs/heads/master refs/remotes/master [2ms]
2023-11-25 11:59:33.349 [info] > git config --get commit.template [18ms]
2023-11-25 11:59:33.369 [info] > git status -z -uall [4ms]
2023-11-25 12:00:40.253 [info] No remotes found in the git config file.
2023-11-25 12:00:40.254 [info] > git config --get commit.template [13ms]
2023-11-25 12:00:40.254 [info] > git for-each-ref --format=%(refname)%00%(upstream:short)%00%(objectname)%00%(upstream:track)%00%(upstream:remotename)%00%(upstream:remoteref) refs/heads/master refs/remotes/master [1ms]
2023-11-25 12:00:40.267 [info] > git status -z -uall [3ms]
2023-11-25 12:01:25.425 [info] No remotes found in the git config file.
2023-11-25 12:01:25.426 [info] > git config --get commit.template [19ms]
2023-11-25 12:01:25.426 [info] > git for-each-ref --format=%(refname)%00%(upstream:short)%00%(objectname)%00%(upstream:track)%00%(upstream:remotename)%00%(upstream:remoteref) refs/heads/master refs/remotes/master [1ms]
2023-11-25 12:01:25.446 [info] > git status -z -uall [3ms]
2023-11-25 12:02:17.614 [info] > git show --textconv :play_acc.sh [18ms]
2023-11-25 12:02:17.615 [info] > git ls-files --stage -- /home/gymuser/legged_gym/play_acc.sh [2ms]
2023-11-25 12:02:20.256 [info] > git show --textconv :play.sh [12ms]
2023-11-25 12:02:20.257 [info] > git ls-files --stage -- /home/gymuser/legged_gym/play.sh [1ms]
2023-11-25 12:02:21.169 [info] > git show --textconv :play_acc.sh [16ms]
2023-11-25 12:02:21.170 [info] > git ls-files --stage -- /home/gymuser/legged_gym/play_acc.sh [1ms]
2023-11-25 12:02:22.025 [info] > git show --textconv :play.sh [15ms]
2023-11-25 12:02:22.025 [info] > git ls-files --stage -- /home/gymuser/legged_gym/play.sh [1ms]
2023-11-25 12:02:22.796 [info] > git show --textconv :play_acc.sh [13ms]
2023-11-25 12:02:22.797 [info] > git ls-files --stage -- /home/gymuser/legged_gym/play_acc.sh [1ms]
2023-11-25 12:02:23.210 [info] > git show --textconv :play.sh [15ms]
2023-11-25 12:02:23.211 [info] > git ls-files --stage -- /home/gymuser/legged_gym/play.sh [2ms]
2023-11-25 12:02:23.570 [info] > git show --textconv :play_acc.sh [16ms]
2023-11-25 12:02:23.571 [info] > git ls-files --stage -- /home/gymuser/legged_gym/play_acc.sh [1ms]
2023-11-25 12:02:23.882 [info] > git show --textconv :play.sh [17ms]
2023-11-25 12:02:23.883 [info] > git ls-files --stage -- /home/gymuser/legged_gym/play.sh [2ms]
2023-11-25 12:02:25.327 [info] > git show --textconv :play_acc.sh [13ms]
2023-11-25 12:02:25.327 [info] > git ls-files --stage -- /home/gymuser/legged_gym/play_acc.sh [1ms]
2023-11-25 12:02:26.049 [info] > git show --textconv :play.sh [13ms]
2023-11-25 12:02:26.050 [info] > git ls-files --stage -- /home/gymuser/legged_gym/play.sh [2ms]
2023-11-25 12:02:29.203 [info] > git show --textconv :play_acc.sh [22ms]
2023-11-25 12:02:29.203 [info] > git ls-files --stage -- /home/gymuser/legged_gym/play_acc.sh [1ms]
2023-11-25 12:02:35.341 [info] > git show --textconv :play_agility.sh [15ms]
2023-11-25 12:02:35.342 [info] > git ls-files --stage -- /home/gymuser/legged_gym/play_agility.sh [1ms]
2023-11-25 12:02:35.617 [info] > git check-ignore -v -z --stdin [2ms]
2023-11-25 12:02:36.218 [info] No remotes found in the git config file.
2023-11-25 12:02:36.219 [info] > git config --get commit.template [16ms]
2023-11-25 12:02:36.219 [info] > git for-each-ref --format=%(refname)%00%(upstream:short)%00%(objectname)%00%(upstream:track)%00%(upstream:remotename)%00%(upstream:remoteref) refs/heads/master refs/remotes/master [1ms]
2023-11-25 12:02:36.236 [info] > git status -z -uall [3ms]
2023-11-25 12:02:36.595 [info] > git show --textconv :play.sh [11ms]
2023-11-25 12:02:36.596 [info] > git ls-files --stage -- /home/gymuser/legged_gym/play.sh [2ms]
2023-11-25 12:02:42.173 [info] > git show --textconv :play_accuracy.sh [11ms]
2023-11-25 12:02:42.173 [info] > git ls-files --stage -- /home/gymuser/legged_gym/play_accuracy.sh [1ms]
2023-11-25 12:02:42.441 [info] > git check-ignore -v -z --stdin [2ms]
2023-11-25 12:02:43.012 [info] No remotes found in the git config file.
2023-11-25 12:02:43.013 [info] > git config --get commit.template [15ms]
2023-11-25 12:02:43.014 [info] > git for-each-ref --format=%(refname)%00%(upstream:short)%00%(objectname)%00%(upstream:track)%00%(upstream:remotename)%00%(upstream:remoteref) refs/heads/master refs/remotes/master [1ms]
2023-11-25 12:02:43.033 [info] > git status -z -uall [3ms]
2023-11-25 12:02:44.363 [info] > git show --textconv :play_agility.sh [14ms]
2023-11-25 12:02:44.364 [info] > git ls-files --stage -- /home/gymuser/legged_gym/play_agility.sh [1ms]
2023-11-25 12:02:50.854 [info] > git show --textconv :legged_gym/utils/logger.py [15ms]
2023-11-25 12:02:50.854 [info] > git ls-files --stage -- /home/gymuser/legged_gym/legged_gym/utils/logger.py [1ms]
2023-11-25 12:02:52.377 [info] > git show --textconv :play_agility.sh [13ms]
2023-11-25 12:02:52.377 [info] > git ls-files --stage -- /home/gymuser/legged_gym/play_agility.sh [1ms]
2023-11-25 12:02:56.232 [info] > git show --textconv :legged_gym/utils/logger.py [15ms]
2023-11-25 12:02:56.233 [info] > git ls-files --stage -- /home/gymuser/legged_gym/legged_gym/utils/logger.py [1ms]
2023-11-25 12:02:57.743 [info] > git show --textconv :legged_gym/scripts/play.py [17ms]
2023-11-25 12:02:57.743 [info] > git ls-files --stage -- /home/gymuser/legged_gym/legged_gym/scripts/play.py [1ms]
2023-11-25 12:03:06.565 [info] > git show --textconv :legged_gym/envs/base/legged_robot.py [12ms]
2023-11-25 12:03:06.566 [info] > git ls-files --stage -- /home/gymuser/legged_gym/legged_gym/envs/base/legged_robot.py [1ms]
2023-11-25 12:03:07.438 [info] > git show --textconv :legged_gym/scripts/train.py [15ms]
2023-11-25 12:03:07.439 [info] > git ls-files --stage -- /home/gymuser/legged_gym/legged_gym/scripts/train.py [2ms]
2023-11-25 12:03:07.817 [info] > git show --textconv :legged_gym/scripts/play.py [15ms]
2023-11-25 12:03:07.818 [info] > git ls-files --stage -- /home/gymuser/legged_gym/legged_gym/scripts/play.py [2ms]
2023-11-25 12:03:15.286 [info] > git show --textconv :legged_gym/envs/base/legged_robot_config.py [17ms]
2023-11-25 12:03:15.287 [info] > git ls-files --stage -- /home/gymuser/legged_gym/legged_gym/envs/base/legged_robot_config.py [2ms]
2023-11-25 12:03:16.142 [info] > git show --textconv :legged_gym/utils/helpers.py [17ms]
2023-11-25 12:03:16.143 [info] > git ls-files --stage -- /home/gymuser/legged_gym/legged_gym/utils/helpers.py [2ms]
2023-11-25 12:03:16.835 [info] > git show --textconv :legged_gym/envs/base/legged_robot_config.py [14ms]
2023-11-25 12:03:16.836 [info] > git ls-files --stage -- /home/gymuser/legged_gym/legged_gym/envs/base/legged_robot_config.py [1ms]
2023-11-25 12:03:17.459 [info] > git show --textconv :legged_gym/utils/task_registry.py [17ms]
2023-11-25 12:03:17.461 [info] > git ls-files --stage -- /home/gymuser/legged_gym/legged_gym/utils/task_registry.py [3ms]
2023-11-25 12:03:19.360 [info] > git show --textconv :legged_gym/envs/base/legged_robot.py [13ms]
2023-11-25 12:03:19.360 [info] > git ls-files --stage -- /home/gymuser/legged_gym/legged_gym/envs/base/legged_robot.py [1ms]
2023-11-25 12:03:20.813 [info] > git show --textconv :legged_gym/utils/logger.py [12ms]
2023-11-25 12:03:20.814 [info] > git ls-files --stage -- /home/gymuser/legged_gym/legged_gym/utils/logger.py [1ms]
2023-11-25 12:03:41.576 [info] > git config --get commit.template [2ms]
2023-11-25 12:03:41.589 [info] No remotes found in the git config file.
2023-11-25 12:03:41.590 [info] > git for-each-ref --format=%(refname)%00%(upstream:short)%00%(objectname)%00%(upstream:track)%00%(upstream:remotename)%00%(upstream:remoteref) refs/heads/master refs/remotes/master [2ms]
2023-11-25 12:03:41.609 [info] > git status -z -uall [3ms]
2023-11-25 12:03:42.902 [info] > git show --textconv :legged_gym/scripts/play.py [14ms]
2023-11-25 12:03:42.903 [info] > git ls-files --stage -- /home/gymuser/legged_gym/legged_gym/scripts/play.py [1ms]
2023-11-25 12:03:45.794 [info] > git show --textconv :legged_gym/scripts/play.py [13ms]
2023-11-25 12:03:45.795 [info] > git ls-files --stage -- /home/gymuser/legged_gym/legged_gym/scripts/play.py [2ms]
2023-11-25 12:03:56.939 [info] > git show --textconv :legged_gym/utils/logger.py [16ms]
2023-11-25 12:03:56.940 [info] > git ls-files --stage -- /home/gymuser/legged_gym/legged_gym/utils/logger.py [2ms]
2023-11-25 12:04:00.304 [info] > git show --textconv :legged_gym/scripts/play.py [14ms]
2023-11-25 12:04:00.305 [info] > git ls-files --stage -- /home/gymuser/legged_gym/legged_gym/scripts/play.py [1ms]
2023-11-25 12:04:20.407 [info] No remotes found in the git config file.
2023-11-25 12:04:20.407 [info] > git config --get commit.template [17ms]
2023-11-25 12:04:20.408 [info] > git for-each-ref --format=%(refname)%00%(upstream:short)%00%(objectname)%00%(upstream:track)%00%(upstream:remotename)%00%(upstream:remoteref) refs/heads/master refs/remotes/master [1ms]
2023-11-25 12:04:20.429 [info] > git status -z -uall [3ms]
2023-11-25 12:05:52.332 [info] No remotes found in the git config file.
2023-11-25 12:05:52.333 [info] > git config --get commit.template [20ms]
2023-11-25 12:05:52.334 [info] > git for-each-ref --format=%(refname)%00%(upstream:short)%00%(objectname)%00%(upstream:track)%00%(upstream:remotename)%00%(upstream:remoteref) refs/heads/master refs/remotes/master [2ms]
2023-11-25 12:05:52.354 [info] > git status -z -uall [3ms]
2023-11-25 12:06:12.088 [info] No remotes found in the git config file.
2023-11-25 12:06:12.108 [info] > git config --get commit.template [19ms]
2023-11-25 12:06:12.109 [info] > git for-each-ref --format=%(refname)%00%(upstream:short)%00%(objectname)%00%(upstream:track)%00%(upstream:remotename)%00%(upstream:remoteref) refs/heads/master refs/remotes/master [1ms]
2023-11-25 12:06:12.131 [info] > git status -z -uall [2ms]
2023-11-25 12:09:15.958 [info] No remotes found in the git config file.
2023-11-25 12:09:15.959 [info] > git config --get commit.template [18ms]
2023-11-25 12:09:15.959 [info] > git for-each-ref --format=%(refname)%00%(upstream:short)%00%(objectname)%00%(upstream:track)%00%(upstream:remotename)%00%(upstream:remoteref) refs/heads/master refs/remotes/master [1ms]
2023-11-25 12:09:15.980 [info] > git status -z -uall [3ms]
2023-11-25 12:09:52.832 [info] No remotes found in the git config file.
2023-11-25 12:09:52.833 [info] > git config --get commit.template [18ms]
2023-11-25 12:09:52.833 [info] > git for-each-ref --format=%(refname)%00%(upstream:short)%00%(objectname)%00%(upstream:track)%00%(upstream:remotename)%00%(upstream:remoteref) refs/heads/master refs/remotes/master [1ms]
2023-11-25 12:09:52.850 [info] > git status -z -uall [3ms]
2023-11-25 12:10:17.851 [info] No remotes found in the git config file.
2023-11-25 12:10:17.851 [info] > git config --get commit.template [18ms]
2023-11-25 12:10:17.851 [info] > git for-each-ref --format=%(refname)%00%(upstream:short)%00%(objectname)%00%(upstream:track)%00%(upstream:remotename)%00%(upstream:remoteref) refs/heads/master refs/remotes/master [1ms]
2023-11-25 12:10:17.871 [info] > git status -z -uall [4ms]
2023-11-25 12:11:08.970 [info] > git show --textconv :play_agility.sh [13ms]
2023-11-25 12:11:08.971 [info] > git ls-files --stage -- /home/gymuser/legged_gym/play_agility.sh [1ms]
2023-11-25 12:11:09.718 [info] > git show --textconv :play_accuracy.sh [13ms]
2023-11-25 12:11:09.718 [info] > git ls-files --stage -- /home/gymuser/legged_gym/play_accuracy.sh [1ms]
2023-11-25 12:11:10.115 [info] > git show --textconv :play_agility.sh [16ms]
2023-11-25 12:11:10.116 [info] > git ls-files --stage -- /home/gymuser/legged_gym/play_agility.sh [1ms]
2023-11-25 12:11:11.665 [info] > git show --textconv :play_accuracy.sh [11ms]
2023-11-25 12:11:11.666 [info] > git ls-files --stage -- /home/gymuser/legged_gym/play_accuracy.sh [1ms]
2023-11-25 12:11:12.384 [info] > git show --textconv :play_agility.sh [17ms]
2023-11-25 12:11:12.384 [info] > git ls-files --stage -- /home/gymuser/legged_gym/play_agility.sh [2ms]
2023-11-25 12:11:20.979 [info] > git show --textconv :legged_gym/envs/base/legged_robot_config.py [12ms]
2023-11-25 12:11:20.979 [info] > git ls-files --stage -- /home/gymuser/legged_gym/legged_gym/envs/base/legged_robot_config.py [1ms]
2023-11-25 12:12:08.542 [info] > git show --textconv :legged_gym/utils/helpers.py [16ms]
2023-11-25 12:12:08.543 [info] > git ls-files --stage -- /home/gymuser/legged_gym/legged_gym/utils/helpers.py [2ms]
2023-11-25 12:12:43.334 [info] > git rev-parse --show-toplevel [5ms]
2023-11-25 12:12:43.334 [info] fatal: not a git repository (or any of the parent directories): .git
2023-11-25 12:13:55.960 [info] > git rev-parse --show-toplevel [1ms]
2023-11-25 12:13:55.960 [info] fatal: not a git repository (or any of the parent directories): .git
2023-11-25 12:13:55.976 [info] > git rev-parse --show-toplevel [1ms]
2023-11-25 12:13:55.976 [info] fatal: not a git repository (or any of the parent directories): .git
2023-11-25 12:13:56.146 [info] > git show --textconv :legged_gym/utils/helpers.py [17ms]
2023-11-25 12:13:56.147 [info] > git ls-files --stage -- /home/gymuser/legged_gym/legged_gym/utils/helpers.py [2ms]
2023-11-25 12:16:06.291 [info] > git rev-parse --show-toplevel [1ms]
2023-11-25 12:16:06.292 [info] fatal: not a git repository (or any of the parent directories): .git
2023-11-25 12:16:06.307 [info] > git rev-parse --show-toplevel [2ms]
2023-11-25 12:16:06.307 [info] fatal: not a git repository (or any of the parent directories): .git
2023-11-25 12:16:06.475 [info] > git show --textconv :legged_gym/envs/base/legged_robot_config.py [15ms]
2023-11-25 12:16:06.476 [info] > git ls-files --stage -- /home/gymuser/legged_gym/legged_gym/envs/base/legged_robot_config.py [1ms]
2023-11-25 12:16:15.952 [info] > git rev-parse --show-toplevel [1ms]
2023-11-25 12:16:15.952 [info] fatal: not a git repository (or any of the parent directories): .git
2023-11-25 12:16:15.968 [info] > git rev-parse --show-toplevel [1ms]
2023-11-25 12:16:15.968 [info] fatal: not a git repository (or any of the parent directories): .git
2023-11-25 12:16:30.783 [info] > git show --textconv :legged_gym/envs/base/legged_robot_config.py [16ms]
2023-11-25 12:16:30.784 [info] > git ls-files --stage -- /home/gymuser/legged_gym/legged_gym/envs/base/legged_robot_config.py [1ms]
2023-11-25 12:16:32.688 [info] > git show --textconv :legged_gym/utils/task_registry.py [15ms]
2023-11-25 12:16:32.689 [info] > git ls-files --stage -- /home/gymuser/legged_gym/legged_gym/utils/task_registry.py [2ms]
2023-11-25 12:16:33.438 [info] > git show --textconv :.gitignore [15ms]
2023-11-25 12:16:33.439 [info] > git ls-files --stage -- /home/gymuser/legged_gym/.gitignore [1ms]
2023-11-25 12:16:34.023 [info] > git show --textconv :run.sh [14ms]
2023-11-25 12:16:34.024 [info] > git ls-files --stage -- /home/gymuser/legged_gym/run.sh [2ms]
2023-11-25 12:16:34.912 [info] > git show --textconv :rsl_rl/runners/on_policy_runner.py [13ms]
2023-11-25 12:16:34.914 [info] > git ls-files --stage -- /home/gymuser/rsl_rl/rsl_rl/runners/on_policy_runner.py [1ms]
2023-11-25 12:16:34.930 [info] > git cat-file -s e11ae4d1f0454f64b089f426754ee4c214cf8f76 [2ms]
2023-11-25 12:16:35.595 [info] > git show --textconv :play_agility.sh [15ms]
2023-11-25 12:16:35.596 [info] > git ls-files --stage -- /home/gymuser/legged_gym/play_agility.sh [2ms]
2023-11-25 12:16:36.715 [info] > git show --textconv :play_accuracy.sh [14ms]
2023-11-25 12:16:36.716 [info] > git ls-files --stage -- /home/gymuser/legged_gym/play_accuracy.sh [1ms]
2023-11-25 12:16:37.129 [info] > git show --textconv :legged_gym/utils/logger.py [14ms]
2023-11-25 12:16:37.130 [info] > git ls-files --stage -- /home/gymuser/legged_gym/legged_gym/utils/logger.py [2ms]
2023-11-25 12:16:38.072 [info] > git show --textconv :legged_gym/scripts/play.py [15ms]
2023-11-25 12:16:38.073 [info] > git ls-files --stage -- /home/gymuser/legged_gym/legged_gym/scripts/play.py [2ms]
2023-11-25 12:16:38.626 [info] > git show --textconv :legged_gym/scripts/train.py [15ms]
2023-11-25 12:16:38.627 [info] > git ls-files --stage -- /home/gymuser/legged_gym/legged_gym/scripts/train.py [2ms]
2023-11-25 12:16:40.023 [info] > git show --textconv :legged_gym/envs/base/legged_robot.py [15ms]
2023-11-25 12:16:40.024 [info] > git ls-files --stage -- /home/gymuser/legged_gym/legged_gym/envs/base/legged_robot.py [2ms]
2023-11-25 12:16:57.363 [info] > git show --textconv :legged_gym/envs/base/legged_robot_config.py [20ms]
2023-11-25 12:16:57.364 [info] > git ls-files --stage -- /home/gymuser/legged_gym/legged_gym/envs/base/legged_robot_config.py [2ms]
2023-11-25 12:17:31.168 [info] > git show --textconv :play_agility.sh [13ms]
2023-11-25 12:17:31.169 [info] > git ls-files --stage -- /home/gymuser/legged_gym/play_agility.sh [2ms]
2023-11-25 12:17:47.813 [info] > git show --textconv :legged_gym/envs/base/legged_robot.py [13ms]
2023-11-25 12:17:47.814 [info] > git ls-files --stage -- /home/gymuser/legged_gym/legged_gym/envs/base/legged_robot.py [1ms]
2023-11-25 12:17:49.378 [info] > git show --textconv :legged_gym/scripts/train.py [13ms]
2023-11-25 12:17:49.379 [info] > git ls-files --stage -- /home/gymuser/legged_gym/legged_gym/scripts/train.py [1ms]
2023-11-25 12:17:51.792 [info] > git show --textconv :legged_gym/scripts/play.py [18ms]
2023-11-25 12:17:51.793 [info] > git ls-files --stage -- /home/gymuser/legged_gym/legged_gym/scripts/play.py [2ms]
2023-11-25 12:18:03.333 [info] > git show --textconv :legged_gym/utils/logger.py [17ms]
2023-11-25 12:18:03.334 [info] > git ls-files --stage -- /home/gymuser/legged_gym/legged_gym/utils/logger.py [2ms]
2023-11-25 12:18:07.043 [info] > git show --textconv :legged_gym/scripts/play.py [13ms]
2023-11-25 12:18:07.044 [info] > git ls-files --stage -- /home/gymuser/legged_gym/legged_gym/scripts/play.py [2ms]
2023-11-25 12:18:07.567 [info] > git show --textconv :legged_gym/utils/logger.py [17ms]
2023-11-25 12:18:07.568 [info] > git ls-files --stage -- /home/gymuser/legged_gym/legged_gym/utils/logger.py [2ms]
2023-11-25 12:18:11.150 [info] > git show --textconv :legged_gym/scripts/play.py [17ms]
2023-11-25 12:18:11.151 [info] > git ls-files --stage -- /home/gymuser/legged_gym/legged_gym/scripts/play.py [3ms]
2023-11-25 12:18:11.662 [info] > git show --textconv :legged_gym/utils/logger.py [17ms]
2023-11-25 12:18:11.663 [info] > git ls-files --stage -- /home/gymuser/legged_gym/legged_gym/utils/logger.py [2ms]
2023-11-25 12:18:12.882 [info] > git show --textconv :legged_gym/scripts/play.py [18ms]
2023-11-25 12:18:12.883 [info] > git ls-files --stage -- /home/gymuser/legged_gym/legged_gym/scripts/play.py [2ms]
2023-11-25 12:18:13.332 [info] > git show --textconv :legged_gym/utils/logger.py [16ms]
2023-11-25 12:18:13.332 [info] > git ls-files --stage -- /home/gymuser/legged_gym/legged_gym/utils/logger.py [1ms]
2023-11-25 12:18:13.681 [info] > git show --textconv :play_accuracy.sh [15ms]
2023-11-25 12:18:13.682 [info] > git ls-files --stage -- /home/gymuser/legged_gym/play_accuracy.sh [1ms]
2023-11-25 12:18:14.501 [info] > git show --textconv :play_agility.sh [13ms]
2023-11-25 12:18:14.502 [info] > git ls-files --stage -- /home/gymuser/legged_gym/play_agility.sh [1ms]
2023-11-25 12:18:15.161 [info] > git show --textconv :play_accuracy.sh [16ms]
2023-11-25 12:18:15.161 [info] > git ls-files --stage -- /home/gymuser/legged_gym/play_accuracy.sh [1ms]
2023-11-25 12:18:16.192 [info] > git show --textconv :rsl_rl/runners/on_policy_runner.py [12ms]
2023-11-25 12:18:16.193 [info] > git ls-files --stage -- /home/gymuser/rsl_rl/rsl_rl/runners/on_policy_runner.py [1ms]
2023-11-25 12:18:16.208 [info] > git cat-file -s e11ae4d1f0454f64b089f426754ee4c214cf8f76 [2ms]
2023-11-25 12:18:17.702 [info] > git show --textconv :run.sh [17ms]
2023-11-25 12:18:17.703 [info] > git ls-files --stage -- /home/gymuser/legged_gym/run.sh [1ms]
2023-11-25 12:18:18.084 [info] > git show --textconv :.gitignore [14ms]
2023-11-25 12:18:18.085 [info] > git ls-files --stage -- /home/gymuser/legged_gym/.gitignore [1ms]
2023-11-25 12:18:19.071 [info] > git show --textconv :legged_gym/envs/base/legged_robot_config.py [17ms]
2023-11-25 12:18:19.072 [info] > git ls-files --stage -- /home/gymuser/legged_gym/legged_gym/envs/base/legged_robot_config.py [2ms]
2023-11-25 12:18:21.971 [info] > git show --textconv :legged_gym/utils/helpers.py [20ms]
2023-11-25 12:18:21.971 [info] > git ls-files --stage -- /home/gymuser/legged_gym/legged_gym/utils/helpers.py [1ms]
2023-11-25 12:18:33.448 [info] > git check-ignore -v -z --stdin [1ms]
2023-11-25 12:18:46.349 [info] > git show --textconv :.gitignore [15ms]
2023-11-25 12:18:46.350 [info] > git ls-files --stage -- /home/gymuser/legged_gym/.gitignore [1ms]
2023-11-25 12:18:51.338 [info] > git show --textconv :legged_gym/envs/base/legged_robot.py [15ms]
2023-11-25 12:18:51.339 [info] > git ls-files --stage -- /home/gymuser/legged_gym/legged_gym/envs/base/legged_robot.py [1ms]
2023-11-25 12:19:48.564 [info] > git ls-files --stage -- /home/gymuser/legged_gym/legged_gym/envs/base/legged_robot.py [2ms]
2023-11-25 12:19:48.586 [info] > git show --textconv :legged_gym/envs/base/legged_robot.py [2ms]
2023-11-25 12:19:55.887 [info] > git ls-files --stage -- /home/gymuser/legged_gym/legged_gym/envs/base/legged_robot.py [1ms]
2023-11-25 12:19:55.903 [info] > git show --textconv :legged_gym/envs/base/legged_robot.py [2ms]
2023-11-25 12:20:00.591 [info] > git ls-files --stage -- /home/gymuser/legged_gym/legged_gym/envs/base/legged_robot.py [1ms]
2023-11-25 12:20:00.607 [info] > git show --textconv :legged_gym/envs/base/legged_robot.py [1ms]
2023-11-25 12:20:06.175 [info] > git ls-files --stage -- /home/gymuser/legged_gym/legged_gym/envs/base/legged_robot.py [1ms]
2023-11-25 12:20:06.203 [info] > git show --textconv :legged_gym/envs/base/legged_robot.py [2ms]
2023-11-25 12:28:20.258 [info] > git ls-files --stage -- /home/gymuser/legged_gym/legged_gym/envs/base/legged_robot.py [1ms]
2023-11-25 12:28:20.323 [info] > git show --textconv :legged_gym/envs/base/legged_robot.py [1ms]
