2023-11-25 17:54:02.913 [info] Extension host with pid 868 started
2023-11-25 17:54:02.917 [info] Lock '/home/gymuser/.vscode-server/data/User/workspaceStorage/b504396855b2f51eff4f1544ee095694/vscode.lock': Lock acquired.
2023-11-25 17:54:03.145 [info] ExtensionService#_doActivateExtension ms-python.python, startup: false, activationEvent: 'onLanguage:python'
2023-11-25 17:54:03.146 [info] ExtensionService#_doActivateExtension vscode.emmet, startup: false, activationEvent: 'onLanguage'
2023-11-25 17:54:03.687 [info] ExtensionService#_doActivateExtension ms-python.vscode-pylance, startup: false, activationEvent: 'onLanguage:python'
2023-11-25 17:54:04.019 [info] ExtensionService#_doActivateExtension vscode.git-base, startup: true, activationEvent: '*', root cause: vscode.git
2023-11-25 17:54:04.035 [info] ExtensionService#_doActivateExtension vscode.git, startup: true, activationEvent: '*'
2023-11-25 17:54:04.035 [info] ExtensionService#_doActivateExtension vscode.github, startup: true, activationEvent: '*'
2023-11-25 17:54:04.193 [info] Eager extensions activated
2023-11-25 17:54:04.193 [info] ExtensionService#_doActivateExtension vscode.debug-auto-launch, startup: false, activationEvent: 'onStartupFinished'
2023-11-25 17:54:04.193 [info] ExtensionService#_doActivateExtension vscode.merge-conflict, startup: false, activationEvent: 'onStartupFinished'
2023-11-25 17:54:04.623 [info] ExtensionService#_doActivateExtension vscode.tunnel-forwarding, startup: false, activationEvent: 'onTunnel'
2023-11-25 17:54:05.581 [error] Error: Git error
	at ChildProcess.<anonymous> (/home/gymuser/.vscode-server/bin/1a5daa3a0231a0fbba4f14db7ec463cf99d7768e/extensions/git/dist/main.js:2:1382633)
	at ChildProcess.emit (node:events:525:35)
	at ChildProcess._handle.onexit (node:internal/child_process:291:12)
2023-11-25 17:54:05.581 [error] Error: Git error
	at ChildProcess.<anonymous> (/home/gymuser/.vscode-server/bin/1a5daa3a0231a0fbba4f14db7ec463cf99d7768e/extensions/git/dist/main.js:2:1382633)
	at ChildProcess.emit (node:events:525:35)
	at ChildProcess._handle.onexit (node:internal/child_process:291:12)
2023-11-25 17:54:05.581 [error] Error: Git error
	at ChildProcess.<anonymous> (/home/gymuser/.vscode-server/bin/1a5daa3a0231a0fbba4f14db7ec463cf99d7768e/extensions/git/dist/main.js:2:1382633)
	at ChildProcess.emit (node:events:525:35)
	at ChildProcess._handle.onexit (node:internal/child_process:291:12)
2023-11-25 17:54:05.581 [error] Error: Git error
	at ChildProcess.<anonymous> (/home/gymuser/.vscode-server/bin/1a5daa3a0231a0fbba4f14db7ec463cf99d7768e/extensions/git/dist/main.js:2:1382633)
	at ChildProcess.emit (node:events:525:35)
	at ChildProcess._handle.onexit (node:internal/child_process:291:12)
2023-11-25 17:54:05.581 [error] Error: Git error
	at ChildProcess.<anonymous> (/home/gymuser/.vscode-server/bin/1a5daa3a0231a0fbba4f14db7ec463cf99d7768e/extensions/git/dist/main.js:2:1382633)
	at ChildProcess.emit (node:events:525:35)
	at ChildProcess._handle.onexit (node:internal/child_process:291:12)
2023-11-25 17:54:05.581 [error] Error: Git error
	at ChildProcess.<anonymous> (/home/gymuser/.vscode-server/bin/1a5daa3a0231a0fbba4f14db7ec463cf99d7768e/extensions/git/dist/main.js:2:1382633)
	at ChildProcess.emit (node:events:525:35)
	at ChildProcess._handle.onexit (node:internal/child_process:291:12)
2023-11-25 17:54:05.581 [error] Error: Git error
	at ChildProcess.<anonymous> (/home/gymuser/.vscode-server/bin/1a5daa3a0231a0fbba4f14db7ec463cf99d7768e/extensions/git/dist/main.js:2:1382633)
	at ChildProcess.emit (node:events:525:35)
	at ChildProcess._handle.onexit (node:internal/child_process:291:12)
2023-11-25 17:54:05.581 [error] Error: Git error
	at ChildProcess.<anonymous> (/home/gymuser/.vscode-server/bin/1a5daa3a0231a0fbba4f14db7ec463cf99d7768e/extensions/git/dist/main.js:2:1382633)
	at ChildProcess.emit (node:events:525:35)
	at ChildProcess._handle.onexit (node:internal/child_process:291:12)
2023-11-25 17:54:05.581 [error] Error: Git error
	at ChildProcess.<anonymous> (/home/gymuser/.vscode-server/bin/1a5daa3a0231a0fbba4f14db7ec463cf99d7768e/extensions/git/dist/main.js:2:1382633)
	at ChildProcess.emit (node:events:525:35)
	at ChildProcess._handle.onexit (node:internal/child_process:291:12)
2023-11-25 17:54:05.581 [error] Error: Git error
	at ChildProcess.<anonymous> (/home/gymuser/.vscode-server/bin/1a5daa3a0231a0fbba4f14db7ec463cf99d7768e/extensions/git/dist/main.js:2:1382633)
	at ChildProcess.emit (node:events:525:35)
	at ChildProcess._handle.onexit (node:internal/child_process:291:12)
2023-11-25 17:54:05.581 [error] Error: Git error
	at ChildProcess.<anonymous> (/home/gymuser/.vscode-server/bin/1a5daa3a0231a0fbba4f14db7ec463cf99d7768e/extensions/git/dist/main.js:2:1382633)
	at ChildProcess.emit (node:events:525:35)
	at ChildProcess._handle.onexit (node:internal/child_process:291:12)
2023-11-25 17:54:05.581 [error] Error: Git error
	at ChildProcess.<anonymous> (/home/gymuser/.vscode-server/bin/1a5daa3a0231a0fbba4f14db7ec463cf99d7768e/extensions/git/dist/main.js:2:1382633)
	at ChildProcess.emit (node:events:525:35)
	at ChildProcess._handle.onexit (node:internal/child_process:291:12)
2023-11-25 17:54:05.581 [error] Error: Git error
	at ChildProcess.<anonymous> (/home/gymuser/.vscode-server/bin/1a5daa3a0231a0fbba4f14db7ec463cf99d7768e/extensions/git/dist/main.js:2:1382633)
	at ChildProcess.emit (node:events:525:35)
	at ChildProcess._handle.onexit (node:internal/child_process:291:12)
2023-11-25 17:54:05.581 [error] Error: Git error
	at ChildProcess.<anonymous> (/home/gymuser/.vscode-server/bin/1a5daa3a0231a0fbba4f14db7ec463cf99d7768e/extensions/git/dist/main.js:2:1382633)
	at ChildProcess.emit (node:events:525:35)
	at ChildProcess._handle.onexit (node:internal/child_process:291:12)
2023-11-25 17:54:05.581 [error] Error: Git error
	at ChildProcess.<anonymous> (/home/gymuser/.vscode-server/bin/1a5daa3a0231a0fbba4f14db7ec463cf99d7768e/extensions/git/dist/main.js:2:1382633)
	at ChildProcess.emit (node:events:525:35)
	at ChildProcess._handle.onexit (node:internal/child_process:291:12)
2023-11-25 17:54:05.581 [error] Error: Git error
	at ChildProcess.<anonymous> (/home/gymuser/.vscode-server/bin/1a5daa3a0231a0fbba4f14db7ec463cf99d7768e/extensions/git/dist/main.js:2:1382633)
	at ChildProcess.emit (node:events:525:35)
	at ChildProcess._handle.onexit (node:internal/child_process:291:12)
2023-11-25 17:54:05.581 [error] Error: Git error
	at ChildProcess.<anonymous> (/home/gymuser/.vscode-server/bin/1a5daa3a0231a0fbba4f14db7ec463cf99d7768e/extensions/git/dist/main.js:2:1382633)
	at ChildProcess.emit (node:events:525:35)
	at ChildProcess._handle.onexit (node:internal/child_process:291:12)
2023-11-25 17:54:05.581 [error] Error: Git error
	at ChildProcess.<anonymous> (/home/gymuser/.vscode-server/bin/1a5daa3a0231a0fbba4f14db7ec463cf99d7768e/extensions/git/dist/main.js:2:1382633)
	at ChildProcess.emit (node:events:525:35)
	at ChildProcess._handle.onexit (node:internal/child_process:291:12)
2023-11-25 17:54:05.581 [error] Error: Git error
	at ChildProcess.<anonymous> (/home/gymuser/.vscode-server/bin/1a5daa3a0231a0fbba4f14db7ec463cf99d7768e/extensions/git/dist/main.js:2:1382633)
	at ChildProcess.emit (node:events:525:35)
	at ChildProcess._handle.onexit (node:internal/child_process:291:12)
2023-11-25 17:54:05.581 [error] Error: Git error
	at ChildProcess.<anonymous> (/home/gymuser/.vscode-server/bin/1a5daa3a0231a0fbba4f14db7ec463cf99d7768e/extensions/git/dist/main.js:2:1382633)
	at ChildProcess.emit (node:events:525:35)
	at ChildProcess._handle.onexit (node:internal/child_process:291:12)
2023-11-25 17:54:05.581 [error] Error: Git error
	at ChildProcess.<anonymous> (/home/gymuser/.vscode-server/bin/1a5daa3a0231a0fbba4f14db7ec463cf99d7768e/extensions/git/dist/main.js:2:1382633)
	at ChildProcess.emit (node:events:525:35)
	at ChildProcess._handle.onexit (node:internal/child_process:291:12)
2023-11-25 17:54:05.581 [error] Error: Git error
	at ChildProcess.<anonymous> (/home/gymuser/.vscode-server/bin/1a5daa3a0231a0fbba4f14db7ec463cf99d7768e/extensions/git/dist/main.js:2:1382633)
	at ChildProcess.emit (node:events:525:35)
	at ChildProcess._handle.onexit (node:internal/child_process:291:12)
2023-11-25 17:54:05.581 [error] Error: Git error
	at ChildProcess.<anonymous> (/home/gymuser/.vscode-server/bin/1a5daa3a0231a0fbba4f14db7ec463cf99d7768e/extensions/git/dist/main.js:2:1382633)
	at ChildProcess.emit (node:events:525:35)
	at ChildProcess._handle.onexit (node:internal/child_process:291:12)
2023-11-25 17:54:06.582 [error] Error: Git error
	at ChildProcess.<anonymous> (/home/gymuser/.vscode-server/bin/1a5daa3a0231a0fbba4f14db7ec463cf99d7768e/extensions/git/dist/main.js:2:1382633)
	at ChildProcess.emit (node:events:525:35)
	at ChildProcess._handle.onexit (node:internal/child_process:291:12)
2023-11-25 17:54:06.584 [error] Error: Git error
	at ChildProcess.<anonymous> (/home/gymuser/.vscode-server/bin/1a5daa3a0231a0fbba4f14db7ec463cf99d7768e/extensions/git/dist/main.js:2:1382633)
	at ChildProcess.emit (node:events:525:35)
	at ChildProcess._handle.onexit (node:internal/child_process:291:12)
2023-11-25 17:54:06.584 [error] Error: Git error
	at ChildProcess.<anonymous> (/home/gymuser/.vscode-server/bin/1a5daa3a0231a0fbba4f14db7ec463cf99d7768e/extensions/git/dist/main.js:2:1382633)
	at ChildProcess.emit (node:events:525:35)
	at ChildProcess._handle.onexit (node:internal/child_process:291:12)
2023-11-25 17:54:06.585 [error] Error: Git error
	at ChildProcess.<anonymous> (/home/gymuser/.vscode-server/bin/1a5daa3a0231a0fbba4f14db7ec463cf99d7768e/extensions/git/dist/main.js:2:1382633)
	at ChildProcess.emit (node:events:525:35)
	at ChildProcess._handle.onexit (node:internal/child_process:291:12)
2023-11-25 17:54:06.585 [error] Error: Git error
	at ChildProcess.<anonymous> (/home/gymuser/.vscode-server/bin/1a5daa3a0231a0fbba4f14db7ec463cf99d7768e/extensions/git/dist/main.js:2:1382633)
	at ChildProcess.emit (node:events:525:35)
	at ChildProcess._handle.onexit (node:internal/child_process:291:12)
2023-11-25 17:54:06.586 [error] Error: Git error
	at ChildProcess.<anonymous> (/home/gymuser/.vscode-server/bin/1a5daa3a0231a0fbba4f14db7ec463cf99d7768e/extensions/git/dist/main.js:2:1382633)
	at ChildProcess.emit (node:events:525:35)
	at ChildProcess._handle.onexit (node:internal/child_process:291:12)
2023-11-25 17:54:06.586 [error] Error: Git error
	at ChildProcess.<anonymous> (/home/gymuser/.vscode-server/bin/1a5daa3a0231a0fbba4f14db7ec463cf99d7768e/extensions/git/dist/main.js:2:1382633)
	at ChildProcess.emit (node:events:525:35)
	at ChildProcess._handle.onexit (node:internal/child_process:291:12)
2023-11-25 17:54:06.587 [error] Error: Git error
	at ChildProcess.<anonymous> (/home/gymuser/.vscode-server/bin/1a5daa3a0231a0fbba4f14db7ec463cf99d7768e/extensions/git/dist/main.js:2:1382633)
	at ChildProcess.emit (node:events:525:35)
	at ChildProcess._handle.onexit (node:internal/child_process:291:12)
